{"/home/henry/projects/open-source/Credence-Backend/src/jobs/scheduler.ts": {"path":"/home/henry/projects/open-source/Credence-Backend/src/jobs/scheduler.ts","statementMap":{"0":{"start":{"line":33,"column":46},"end":{"line":33,"column":null}},"1":{"start":{"line":34,"column":22},"end":{"line":34,"column":null}},"2":{"start":{"line":40,"column":21},"end":{"line":40,"column":null}},"3":{"start":{"line":43,"column":4},"end":{"line":43,"column":null}},"4":{"start":{"line":44,"column":4},"end":{"line":44,"column":null}},"5":{"start":{"line":45,"column":4},"end":{"line":45,"column":null}},"6":{"start":{"line":52,"column":4},"end":{"line":55,"column":null}},"7":{"start":{"line":53,"column":6},"end":{"line":53,"column":null}},"8":{"start":{"line":54,"column":6},"end":{"line":54,"column":null}},"9":{"start":{"line":57,"column":4},"end":{"line":57,"column":null}},"10":{"start":{"line":59,"column":4},"end":{"line":61,"column":null}},"11":{"start":{"line":60,"column":6},"end":{"line":60,"column":null}},"12":{"start":{"line":63,"column":4},"end":{"line":65,"column":null}},"13":{"start":{"line":64,"column":6},"end":{"line":64,"column":null}},"14":{"start":{"line":72,"column":4},"end":{"line":76,"column":null}},"15":{"start":{"line":73,"column":6},"end":{"line":73,"column":null}},"16":{"start":{"line":74,"column":6},"end":{"line":74,"column":null}},"17":{"start":{"line":75,"column":6},"end":{"line":75,"column":null}},"18":{"start":{"line":83,"column":4},"end":{"line":83,"column":null}},"19":{"start":{"line":90,"column":4},"end":{"line":93,"column":null}},"20":{"start":{"line":91,"column":6},"end":{"line":91,"column":null}},"21":{"start":{"line":92,"column":6},"end":{"line":92,"column":null}},"22":{"start":{"line":95,"column":4},"end":{"line":95,"column":null}},"23":{"start":{"line":97,"column":4},"end":{"line":105,"column":null}},"24":{"start":{"line":98,"column":21},"end":{"line":98,"column":null}},"25":{"start":{"line":99,"column":6},"end":{"line":99,"column":null}},"26":{"start":{"line":101,"column":23},"end":{"line":101,"column":null}},"27":{"start":{"line":102,"column":6},"end":{"line":102,"column":null}},"28":{"start":{"line":104,"column":6},"end":{"line":104,"column":null}},"29":{"start":{"line":122,"column":16},"end":{"line":122,"column":null}},"30":{"start":{"line":124,"column":2},"end":{"line":126,"column":null}},"31":{"start":{"line":125,"column":4},"end":{"line":125,"column":null}},"32":{"start":{"line":128,"column":55},"end":{"line":128,"column":null}},"33":{"start":{"line":131,"column":2},"end":{"line":133,"column":null}},"34":{"start":{"line":132,"column":4},"end":{"line":132,"column":null}},"35":{"start":{"line":136,"column":2},"end":{"line":138,"column":null}},"36":{"start":{"line":137,"column":4},"end":{"line":137,"column":null}},"37":{"start":{"line":141,"column":2},"end":{"line":143,"column":null}},"38":{"start":{"line":142,"column":4},"end":{"line":142,"column":null}},"39":{"start":{"line":145,"column":2},"end":{"line":145,"column":null}},"40":{"start":{"line":159,"column":25},"end":{"line":159,"column":null}},"41":{"start":{"line":160,"column":21},"end":{"line":160,"column":null}},"42":{"start":{"line":162,"column":2},"end":{"line":166,"column":null}}},"fnMap":{"0":{"name":"(anonymous_0)","decl":{"start":{"line":39,"column":2},"end":{"line":39,"column":null}},"loc":{"start":{"line":42,"column":4},"end":{"line":46,"column":null}},"line":42},"1":{"name":"(anonymous_1)","decl":{"start":{"line":45,"column":37},"end":{"line":45,"column":43}},"loc":{"start":{"line":45,"column":43},"end":{"line":45,"column":null}},"line":45},"2":{"name":"(anonymous_2)","decl":{"start":{"line":51,"column":2},"end":{"line":51,"column":16}},"loc":{"start":{"line":51,"column":16},"end":{"line":66,"column":null}},"line":51},"3":{"name":"(anonymous_3)","decl":{"start":{"line":63,"column":34},"end":{"line":63,"column":40}},"loc":{"start":{"line":63,"column":40},"end":{"line":65,"column":7}},"line":63},"4":{"name":"(anonymous_4)","decl":{"start":{"line":71,"column":2},"end":{"line":71,"column":15}},"loc":{"start":{"line":71,"column":15},"end":{"line":77,"column":null}},"line":71},"5":{"name":"(anonymous_5)","decl":{"start":{"line":82,"column":2},"end":{"line":82,"column":22}},"loc":{"start":{"line":82,"column":22},"end":{"line":84,"column":null}},"line":82},"6":{"name":"(anonymous_6)","decl":{"start":{"line":89,"column":16},"end":{"line":89,"column":40}},"loc":{"start":{"line":89,"column":40},"end":{"line":106,"column":null}},"line":89},"7":{"name":"parseCronToInterval","decl":{"start":{"line":121,"column":16},"end":{"line":121,"column":36}},"loc":{"start":{"line":121,"column":68},"end":{"line":146,"column":null}},"line":121},"8":{"name":"createScheduler","decl":{"start":{"line":155,"column":16},"end":{"line":155,"column":null}},"loc":{"start":{"line":158,"column":16},"end":{"line":167,"column":null}},"line":158}},"branchMap":{"0":{"loc":{"start":{"line":44,"column":22},"end":{"line":44,"column":null}},"type":"binary-expr","locations":[{"start":{"line":44,"column":22},"end":{"line":44,"column":44}},{"start":{"line":44,"column":44},"end":{"line":44,"column":null}}],"line":44},"1":{"loc":{"start":{"line":45,"column":18},"end":{"line":45,"column":null}},"type":"binary-expr","locations":[{"start":{"line":45,"column":18},"end":{"line":45,"column":37}},{"start":{"line":45,"column":37},"end":{"line":45,"column":null}}],"line":45},"2":{"loc":{"start":{"line":52,"column":4},"end":{"line":55,"column":null}},"type":"if","locations":[{"start":{"line":52,"column":4},"end":{"line":55,"column":null}},{"start":{},"end":{}}],"line":52},"3":{"loc":{"start":{"line":59,"column":4},"end":{"line":61,"column":null}},"type":"if","locations":[{"start":{"line":59,"column":4},"end":{"line":61,"column":null}},{"start":{},"end":{}}],"line":59},"4":{"loc":{"start":{"line":72,"column":4},"end":{"line":76,"column":null}},"type":"if","locations":[{"start":{"line":72,"column":4},"end":{"line":76,"column":null}},{"start":{},"end":{}}],"line":72},"5":{"loc":{"start":{"line":90,"column":4},"end":{"line":93,"column":null}},"type":"if","locations":[{"start":{"line":90,"column":4},"end":{"line":93,"column":null}},{"start":{},"end":{}}],"line":90},"6":{"loc":{"start":{"line":101,"column":23},"end":{"line":101,"column":null}},"type":"cond-expr","locations":[{"start":{"line":101,"column":48},"end":{"line":101,"column":64}},{"start":{"line":101,"column":64},"end":{"line":101,"column":null}}],"line":101},"7":{"loc":{"start":{"line":124,"column":2},"end":{"line":126,"column":null}},"type":"if","locations":[{"start":{"line":124,"column":2},"end":{"line":126,"column":null}},{"start":{},"end":{}}],"line":124},"8":{"loc":{"start":{"line":131,"column":2},"end":{"line":133,"column":null}},"type":"if","locations":[{"start":{"line":131,"column":2},"end":{"line":133,"column":null}},{"start":{},"end":{}}],"line":131},"9":{"loc":{"start":{"line":131,"column":6},"end":{"line":131,"column":38}},"type":"binary-expr","locations":[{"start":{"line":131,"column":6},"end":{"line":131,"column":24}},{"start":{"line":131,"column":24},"end":{"line":131,"column":38}}],"line":131},"10":{"loc":{"start":{"line":136,"column":2},"end":{"line":138,"column":null}},"type":"if","locations":[{"start":{"line":136,"column":2},"end":{"line":138,"column":null}},{"start":{},"end":{}}],"line":136},"11":{"loc":{"start":{"line":136,"column":6},"end":{"line":136,"column":38}},"type":"binary-expr","locations":[{"start":{"line":136,"column":6},"end":{"line":136,"column":24}},{"start":{"line":136,"column":24},"end":{"line":136,"column":38}}],"line":136},"12":{"loc":{"start":{"line":141,"column":2},"end":{"line":143,"column":null}},"type":"if","locations":[{"start":{"line":141,"column":2},"end":{"line":143,"column":null}},{"start":{},"end":{}}],"line":141},"13":{"loc":{"start":{"line":141,"column":6},"end":{"line":141,"column":38}},"type":"binary-expr","locations":[{"start":{"line":141,"column":6},"end":{"line":141,"column":24}},{"start":{"line":141,"column":24},"end":{"line":141,"column":38}}],"line":141},"14":{"loc":{"start":{"line":157,"column":2},"end":{"line":157,"column":null}},"type":"default-arg","locations":[{"start":{"line":157,"column":30},"end":{"line":157,"column":null}}],"line":157},"15":{"loc":{"start":{"line":159,"column":25},"end":{"line":159,"column":null}},"type":"binary-expr","locations":[{"start":{"line":159,"column":25},"end":{"line":159,"column":51}},{"start":{"line":159,"column":51},"end":{"line":159,"column":null}}],"line":159}},"s":{"0":12,"1":12,"2":12,"3":12,"4":12,"5":12,"6":12,"7":1,"8":1,"9":11,"10":11,"11":4,"12":11,"13":4,"14":13,"15":11,"16":11,"17":11,"18":5,"19":8,"20":1,"21":1,"22":7,"23":7,"24":7,"25":6,"26":1,"27":1,"28":7,"29":8,"30":8,"31":1,"32":7,"33":7,"34":1,"35":6,"36":4,"37":2,"38":1,"39":1,"40":3,"41":3,"42":3},"f":{"0":12,"1":22,"2":12,"3":4,"4":13,"5":5,"6":8,"7":8,"8":3},"b":{"0":[12,7],"1":[12,22],"2":[1,11],"3":[4,7],"4":[11,2],"5":[1,7],"6":[1,0],"7":[1,7],"8":[1,6],"9":[7,1],"10":[4,2],"11":[6,5],"12":[1,1],"13":[2,1],"14":[3],"15":[3,1]},"meta":{"lastBranch":16,"lastFunction":9,"lastStatement":43,"seen":{"s:33:46:33:Infinity":0,"s:34:22:34:Infinity":1,"f:39:2:39:Infinity":0,"s:40:21:40:Infinity":2,"s:43:4:43:Infinity":3,"s:44:4:44:Infinity":4,"b:44:22:44:44:44:44:44:Infinity":0,"s:45:4:45:Infinity":5,"b:45:18:45:37:45:37:45:Infinity":1,"f:45:37:45:43":1,"f:51:2:51:16":2,"b:52:4:55:Infinity:undefined:undefined:undefined:undefined":2,"s:52:4:55:Infinity":6,"s:53:6:53:Infinity":7,"s:54:6:54:Infinity":8,"s:57:4:57:Infinity":9,"b:59:4:61:Infinity:undefined:undefined:undefined:undefined":3,"s:59:4:61:Infinity":10,"s:60:6:60:Infinity":11,"s:63:4:65:Infinity":12,"f:63:34:63:40":3,"s:64:6:64:Infinity":13,"f:71:2:71:15":4,"b:72:4:76:Infinity:undefined:undefined:undefined:undefined":4,"s:72:4:76:Infinity":14,"s:73:6:73:Infinity":15,"s:74:6:74:Infinity":16,"s:75:6:75:Infinity":17,"f:82:2:82:22":5,"s:83:4:83:Infinity":18,"f:89:16:89:40":6,"b:90:4:93:Infinity:undefined:undefined:undefined:undefined":5,"s:90:4:93:Infinity":19,"s:91:6:91:Infinity":20,"s:92:6:92:Infinity":21,"s:95:4:95:Infinity":22,"s:97:4:105:Infinity":23,"s:98:21:98:Infinity":24,"s:99:6:99:Infinity":25,"s:101:23:101:Infinity":26,"b:101:48:101:64:101:64:101:Infinity":6,"s:102:6:102:Infinity":27,"s:104:6:104:Infinity":28,"f:121:16:121:36":7,"s:122:16:122:Infinity":29,"b:124:2:126:Infinity:undefined:undefined:undefined:undefined":7,"s:124:2:126:Infinity":30,"s:125:4:125:Infinity":31,"s:128:55:128:Infinity":32,"b:131:2:133:Infinity:undefined:undefined:undefined:undefined":8,"s:131:2:133:Infinity":33,"b:131:6:131:24:131:24:131:38":9,"s:132:4:132:Infinity":34,"b:136:2:138:Infinity:undefined:undefined:undefined:undefined":10,"s:136:2:138:Infinity":35,"b:136:6:136:24:136:24:136:38":11,"s:137:4:137:Infinity":36,"b:141:2:143:Infinity:undefined:undefined:undefined:undefined":12,"s:141:2:143:Infinity":37,"b:141:6:141:24:141:24:141:38":13,"s:142:4:142:Infinity":38,"s:145:2:145:Infinity":39,"f:155:16:155:Infinity":8,"b:157:30:157:Infinity":14,"s:159:25:159:Infinity":40,"b:159:25:159:51:159:51:159:Infinity":15,"s:160:21:160:Infinity":41,"s:162:2:166:Infinity":42}}}
,"/home/henry/projects/open-source/Credence-Backend/src/jobs/scoreComputer.ts": {"path":"/home/henry/projects/open-source/Credence-Backend/src/jobs/scoreComputer.ts","statementMap":{"0":{"start":{"line":16,"column":2},"end":{"line":18,"column":null}},"1":{"start":{"line":17,"column":4},"end":{"line":17,"column":null}},"2":{"start":{"line":21,"column":21},"end":{"line":21,"column":null}},"3":{"start":{"line":22,"column":18},"end":{"line":22,"column":null}},"4":{"start":{"line":23,"column":20},"end":{"line":23,"column":null}},"5":{"start":{"line":26,"column":26},"end":{"line":26,"column":null}},"6":{"start":{"line":27,"column":27},"end":{"line":27,"column":null}},"7":{"start":{"line":30,"column":21},"end":{"line":30,"column":null}},"8":{"start":{"line":31,"column":28},"end":{"line":31,"column":null}},"9":{"start":{"line":32,"column":16},"end":{"line":32,"column":null}},"10":{"start":{"line":34,"column":2},"end":{"line":34,"column":null}}},"fnMap":{"0":{"name":"computeScore","decl":{"start":{"line":15,"column":16},"end":{"line":15,"column":29}},"loc":{"start":{"line":15,"column":57},"end":{"line":35,"column":null}},"line":15}},"branchMap":{"0":{"loc":{"start":{"line":16,"column":2},"end":{"line":18,"column":null}},"type":"if","locations":[{"start":{"line":16,"column":2},"end":{"line":18,"column":null}},{"start":{},"end":{}}],"line":16}},"s":{"0":10,"1":1,"2":9,"3":9,"4":9,"5":9,"6":9,"7":9,"8":9,"9":9,"10":9},"f":{"0":10},"b":{"0":[1,9]},"meta":{"lastBranch":1,"lastFunction":1,"lastStatement":11,"seen":{"f:15:16:15:29":0,"b:16:2:18:Infinity:undefined:undefined:undefined:undefined":0,"s:16:2:18:Infinity":0,"s:17:4:17:Infinity":1,"s:21:21:21:Infinity":2,"s:22:18:22:Infinity":3,"s:23:20:23:Infinity":4,"s:26:26:26:Infinity":5,"s:27:27:27:Infinity":6,"s:30:21:30:Infinity":7,"s:31:28:31:Infinity":8,"s:32:16:32:Infinity":9,"s:34:2:34:Infinity":10}}}
,"/home/henry/projects/open-source/Credence-Backend/src/jobs/scoreSnapshot.ts": {"path":"/home/henry/projects/open-source/Credence-Backend/src/jobs/scoreSnapshot.ts","statementMap":{"0":{"start":{"line":43,"column":21},"end":{"line":43,"column":null}},"1":{"start":{"line":44,"column":21},"end":{"line":44,"column":null}},"2":{"start":{"line":45,"column":21},"end":{"line":45,"column":null}},"3":{"start":{"line":48,"column":4},"end":{"line":48,"column":null}},"4":{"start":{"line":49,"column":4},"end":{"line":49,"column":null}},"5":{"start":{"line":50,"column":4},"end":{"line":50,"column":null}},"6":{"start":{"line":59,"column":10},"end":{"line":59,"column":null}},"7":{"start":{"line":60,"column":20},"end":{"line":60,"column":null}},"8":{"start":{"line":62,"column":4},"end":{"line":62,"column":null}},"9":{"start":{"line":64,"column":20},"end":{"line":64,"column":null}},"10":{"start":{"line":65,"column":16},"end":{"line":65,"column":null}},"11":{"start":{"line":66,"column":17},"end":{"line":66,"column":null}},"12":{"start":{"line":68,"column":4},"end":{"line":135,"column":null}},"13":{"start":{"line":69,"column":24},"end":{"line":69,"column":null}},"14":{"start":{"line":70,"column":6},"end":{"line":70,"column":null}},"15":{"start":{"line":73,"column":6},"end":{"line":130,"column":null}},"16":{"start":{"line":73,"column":19},"end":{"line":73,"column":22}},"17":{"start":{"line":74,"column":22},"end":{"line":74,"column":null}},"18":{"start":{"line":75,"column":25},"end":{"line":75,"column":null}},"19":{"start":{"line":76,"column":29},"end":{"line":76,"column":null}},"20":{"start":{"line":78,"column":8},"end":{"line":78,"column":null}},"21":{"start":{"line":80,"column":43},"end":{"line":80,"column":null}},"22":{"start":{"line":82,"column":8},"end":{"line":112,"column":null}},"23":{"start":{"line":83,"column":10},"end":{"line":111,"column":null}},"24":{"start":{"line":84,"column":25},"end":{"line":84,"column":null}},"25":{"start":{"line":86,"column":12},"end":{"line":90,"column":null}},"26":{"start":{"line":87,"column":14},"end":{"line":87,"column":null}},"27":{"start":{"line":88,"column":14},"end":{"line":88,"column":null}},"28":{"start":{"line":89,"column":14},"end":{"line":89,"column":null}},"29":{"start":{"line":92,"column":26},"end":{"line":92,"column":null}},"30":{"start":{"line":93,"column":44},"end":{"line":99,"column":null}},"31":{"start":{"line":101,"column":12},"end":{"line":101,"column":null}},"32":{"start":{"line":102,"column":12},"end":{"line":102,"column":null}},"33":{"start":{"line":104,"column":12},"end":{"line":104,"column":null}},"34":{"start":{"line":105,"column":29},"end":{"line":105,"column":null}},"35":{"start":{"line":106,"column":12},"end":{"line":106,"column":null}},"36":{"start":{"line":108,"column":12},"end":{"line":110,"column":null}},"37":{"start":{"line":109,"column":14},"end":{"line":109,"column":null}},"38":{"start":{"line":115,"column":8},"end":{"line":129,"column":null}},"39":{"start":{"line":116,"column":10},"end":{"line":128,"column":null}},"40":{"start":{"line":117,"column":12},"end":{"line":117,"column":null}},"41":{"start":{"line":118,"column":12},"end":{"line":118,"column":null}},"42":{"start":{"line":119,"column":12},"end":{"line":119,"column":null}},"43":{"start":{"line":121,"column":12},"end":{"line":121,"column":null}},"44":{"start":{"line":122,"column":29},"end":{"line":122,"column":null}},"45":{"start":{"line":123,"column":12},"end":{"line":123,"column":null}},"46":{"start":{"line":125,"column":12},"end":{"line":127,"column":null}},"47":{"start":{"line":126,"column":14},"end":{"line":126,"column":null}},"48":{"start":{"line":132,"column":23},"end":{"line":132,"column":null}},"49":{"start":{"line":133,"column":6},"end":{"line":133,"column":null}},"50":{"start":{"line":134,"column":6},"end":{"line":134,"column":null}},"51":{"start":{"line":137,"column":21},"end":{"line":137,"column":null}},"52":{"start":{"line":138,"column":4},"end":{"line":138,"column":null}},"53":{"start":{"line":140,"column":4},"end":{"line":146,"column":null}},"54":{"start":{"line":165,"column":2},"end":{"line":165,"column":null}}},"fnMap":{"0":{"name":"(anonymous_0)","decl":{"start":{"line":42,"column":2},"end":{"line":42,"column":null}},"loc":{"start":{"line":47,"column":4},"end":{"line":51,"column":null}},"line":47},"1":{"name":"(anonymous_1)","decl":{"start":{"line":50,"column":37},"end":{"line":50,"column":43}},"loc":{"start":{"line":50,"column":43},"end":{"line":50,"column":null}},"line":50},"2":{"name":"(anonymous_2)","decl":{"start":{"line":58,"column":8},"end":{"line":58,"column":42}},"loc":{"start":{"line":58,"column":42},"end":{"line":147,"column":null}},"line":58},"3":{"name":"createScoreSnapshotJob","decl":{"start":{"line":159,"column":16},"end":{"line":159,"column":null}},"loc":{"start":{"line":164,"column":20},"end":{"line":166,"column":null}},"line":164}},"branchMap":{"0":{"loc":{"start":{"line":46,"column":4},"end":{"line":46,"column":null}},"type":"default-arg","locations":[{"start":{"line":46,"column":34},"end":{"line":46,"column":null}}],"line":46},"1":{"loc":{"start":{"line":48,"column":21},"end":{"line":48,"column":null}},"type":"binary-expr","locations":[{"start":{"line":48,"column":21},"end":{"line":48,"column":42}},{"start":{"line":48,"column":42},"end":{"line":48,"column":null}}],"line":48},"2":{"loc":{"start":{"line":49,"column":27},"end":{"line":49,"column":null}},"type":"binary-expr","locations":[{"start":{"line":49,"column":27},"end":{"line":49,"column":54}},{"start":{"line":49,"column":54},"end":{"line":49,"column":null}}],"line":49},"3":{"loc":{"start":{"line":50,"column":18},"end":{"line":50,"column":null}},"type":"binary-expr","locations":[{"start":{"line":50,"column":18},"end":{"line":50,"column":37}},{"start":{"line":50,"column":37},"end":{"line":50,"column":null}}],"line":50},"4":{"loc":{"start":{"line":86,"column":12},"end":{"line":90,"column":null}},"type":"if","locations":[{"start":{"line":86,"column":12},"end":{"line":90,"column":null}},{"start":{},"end":{}}],"line":86},"5":{"loc":{"start":{"line":105,"column":29},"end":{"line":105,"column":null}},"type":"cond-expr","locations":[{"start":{"line":105,"column":54},"end":{"line":105,"column":70}},{"start":{"line":105,"column":70},"end":{"line":105,"column":null}}],"line":105},"6":{"loc":{"start":{"line":108,"column":12},"end":{"line":110,"column":null}},"type":"if","locations":[{"start":{"line":108,"column":12},"end":{"line":110,"column":null}},{"start":{},"end":{}}],"line":108},"7":{"loc":{"start":{"line":115,"column":8},"end":{"line":129,"column":null}},"type":"if","locations":[{"start":{"line":115,"column":8},"end":{"line":129,"column":null}},{"start":{},"end":{}}],"line":115},"8":{"loc":{"start":{"line":122,"column":29},"end":{"line":122,"column":null}},"type":"cond-expr","locations":[{"start":{"line":122,"column":54},"end":{"line":122,"column":70}},{"start":{"line":122,"column":70},"end":{"line":122,"column":null}}],"line":122},"9":{"loc":{"start":{"line":125,"column":12},"end":{"line":127,"column":null}},"type":"if","locations":[{"start":{"line":125,"column":12},"end":{"line":127,"column":null}},{"start":{},"end":{}}],"line":125},"10":{"loc":{"start":{"line":132,"column":23},"end":{"line":132,"column":null}},"type":"cond-expr","locations":[{"start":{"line":132,"column":48},"end":{"line":132,"column":64}},{"start":{"line":132,"column":64},"end":{"line":132,"column":null}}],"line":132}},"s":{"0":14,"1":14,"2":14,"3":14,"4":14,"5":14,"6":13,"7":13,"8":13,"9":13,"10":13,"11":13,"12":13,"13":13,"14":13,"15":13,"16":13,"17":16,"18":16,"19":16,"20":16,"21":16,"22":16,"23":284,"24":284,"25":282,"26":1,"27":1,"28":1,"29":281,"30":281,"31":281,"32":281,"33":2,"34":2,"35":2,"36":2,"37":1,"38":15,"39":15,"40":15,"41":14,"42":14,"43":1,"44":1,"45":1,"46":1,"47":0,"48":1,"49":1,"50":1,"51":12,"52":12,"53":12,"54":1},"f":{"0":14,"1":68,"2":13,"3":1},"b":{"0":[14],"1":[14,12],"2":[14,11],"3":[14,68],"4":[1,281],"5":[2,0],"6":[1,1],"7":[15,0],"8":[1,0],"9":[0,1],"10":[1,0]},"meta":{"lastBranch":11,"lastFunction":4,"lastStatement":55,"seen":{"f:42:2:42:Infinity":0,"b:46:34:46:Infinity":0,"s:43:21:43:Infinity":0,"s:44:21:44:Infinity":1,"s:45:21:45:Infinity":2,"s:48:4:48:Infinity":3,"b:48:21:48:42:48:42:48:Infinity":1,"s:49:4:49:Infinity":4,"b:49:27:49:54:49:54:49:Infinity":2,"s:50:4:50:Infinity":5,"b:50:18:50:37:50:37:50:Infinity":3,"f:50:37:50:43":1,"f:58:8:58:42":2,"s:59:10:59:Infinity":6,"s:60:20:60:Infinity":7,"s:62:4:62:Infinity":8,"s:64:20:64:Infinity":9,"s:65:16:65:Infinity":10,"s:66:17:66:Infinity":11,"s:68:4:135:Infinity":12,"s:69:24:69:Infinity":13,"s:70:6:70:Infinity":14,"s:73:6:130:Infinity":15,"s:73:19:73:22":16,"s:74:22:74:Infinity":17,"s:75:25:75:Infinity":18,"s:76:29:76:Infinity":19,"s:78:8:78:Infinity":20,"s:80:43:80:Infinity":21,"s:82:8:112:Infinity":22,"s:83:10:111:Infinity":23,"s:84:25:84:Infinity":24,"b:86:12:90:Infinity:undefined:undefined:undefined:undefined":4,"s:86:12:90:Infinity":25,"s:87:14:87:Infinity":26,"s:88:14:88:Infinity":27,"s:89:14:89:Infinity":28,"s:92:26:92:Infinity":29,"s:93:44:99:Infinity":30,"s:101:12:101:Infinity":31,"s:102:12:102:Infinity":32,"s:104:12:104:Infinity":33,"s:105:29:105:Infinity":34,"b:105:54:105:70:105:70:105:Infinity":5,"s:106:12:106:Infinity":35,"b:108:12:110:Infinity:undefined:undefined:undefined:undefined":6,"s:108:12:110:Infinity":36,"s:109:14:109:Infinity":37,"b:115:8:129:Infinity:undefined:undefined:undefined:undefined":7,"s:115:8:129:Infinity":38,"s:116:10:128:Infinity":39,"s:117:12:117:Infinity":40,"s:118:12:118:Infinity":41,"s:119:12:119:Infinity":42,"s:121:12:121:Infinity":43,"s:122:29:122:Infinity":44,"b:122:54:122:70:122:70:122:Infinity":8,"s:123:12:123:Infinity":45,"b:125:12:127:Infinity:undefined:undefined:undefined:undefined":9,"s:125:12:127:Infinity":46,"s:126:14:126:Infinity":47,"s:132:23:132:Infinity":48,"b:132:48:132:64:132:64:132:Infinity":10,"s:133:6:133:Infinity":49,"s:134:6:134:Infinity":50,"s:137:21:137:Infinity":51,"s:138:4:138:Infinity":52,"s:140:4:146:Infinity":53,"f:159:16:159:Infinity":3,"s:165:2:165:Infinity":54}}}
,"/home/henry/projects/open-source/Credence-Backend/src/lib/pagination.ts": {"path":"/home/henry/projects/open-source/Credence-Backend/src/lib/pagination.ts","statementMap":{"0":{"start":{"line":35,"column":16},"end":{"line":35,"column":null}},"1":{"start":{"line":36,"column":17},"end":{"line":36,"column":null}},"2":{"start":{"line":38,"column":4},"end":{"line":43,"column":null}},"3":{"start":{"line":39,"column":28},"end":{"line":39,"column":null}},"4":{"start":{"line":40,"column":8},"end":{"line":42,"column":null}},"5":{"start":{"line":41,"column":12},"end":{"line":41,"column":null}},"6":{"start":{"line":46,"column":24},"end":{"line":46,"column":null}},"7":{"start":{"line":47,"column":4},"end":{"line":52,"column":null}},"8":{"start":{"line":48,"column":29},"end":{"line":48,"column":null}},"9":{"start":{"line":49,"column":8},"end":{"line":51,"column":null}},"10":{"start":{"line":50,"column":12},"end":{"line":50,"column":null}},"11":{"start":{"line":54,"column":4},"end":{"line":54,"column":null}},"12":{"start":{"line":76,"column":20},"end":{"line":76,"column":null}},"13":{"start":{"line":77,"column":23},"end":{"line":77,"column":null}},"14":{"start":{"line":79,"column":4},"end":{"line":86,"column":null}}},"fnMap":{"0":{"name":"getPaginationParams","decl":{"start":{"line":30,"column":16},"end":{"line":30,"column":null}},"loc":{"start":{"line":34,"column":20},"end":{"line":55,"column":null}},"line":34},"1":{"name":"buildPaginatedResponse","decl":{"start":{"line":66,"column":16},"end":{"line":66,"column":null}},"loc":{"start":{"line":71,"column":24},"end":{"line":87,"column":null}},"line":71}},"branchMap":{"0":{"loc":{"start":{"line":32,"column":4},"end":{"line":32,"column":null}},"type":"default-arg","locations":[{"start":{"line":32,"column":19},"end":{"line":32,"column":null}}],"line":32},"1":{"loc":{"start":{"line":33,"column":4},"end":{"line":33,"column":null}},"type":"default-arg","locations":[{"start":{"line":33,"column":15},"end":{"line":33,"column":null}}],"line":33},"2":{"loc":{"start":{"line":38,"column":4},"end":{"line":43,"column":null}},"type":"if","locations":[{"start":{"line":38,"column":4},"end":{"line":43,"column":null}},{"start":{},"end":{}}],"line":38},"3":{"loc":{"start":{"line":40,"column":8},"end":{"line":42,"column":null}},"type":"if","locations":[{"start":{"line":40,"column":8},"end":{"line":42,"column":null}},{"start":{},"end":{}}],"line":40},"4":{"loc":{"start":{"line":40,"column":12},"end":{"line":40,"column":52}},"type":"binary-expr","locations":[{"start":{"line":40,"column":12},"end":{"line":40,"column":35}},{"start":{"line":40,"column":35},"end":{"line":40,"column":52}}],"line":40},"5":{"loc":{"start":{"line":46,"column":24},"end":{"line":46,"column":null}},"type":"binary-expr","locations":[{"start":{"line":46,"column":24},"end":{"line":46,"column":40}},{"start":{"line":46,"column":40},"end":{"line":46,"column":null}}],"line":46},"6":{"loc":{"start":{"line":47,"column":4},"end":{"line":52,"column":null}},"type":"if","locations":[{"start":{"line":47,"column":4},"end":{"line":52,"column":null}},{"start":{},"end":{}}],"line":47},"7":{"loc":{"start":{"line":49,"column":8},"end":{"line":51,"column":null}},"type":"if","locations":[{"start":{"line":49,"column":8},"end":{"line":51,"column":null}},{"start":{},"end":{}}],"line":49},"8":{"loc":{"start":{"line":49,"column":12},"end":{"line":49,"column":55}},"type":"binary-expr","locations":[{"start":{"line":49,"column":12},"end":{"line":49,"column":36}},{"start":{"line":49,"column":36},"end":{"line":49,"column":55}}],"line":49},"9":{"loc":{"start":{"line":77,"column":23},"end":{"line":77,"column":null}},"type":"cond-expr","locations":[{"start":{"line":77,"column":33},"end":{"line":77,"column":56}},{"start":{"line":77,"column":56},"end":{"line":77,"column":null}}],"line":77},"10":{"loc":{"start":{"line":84,"column":16},"end":{"line":84,"column":null}},"type":"cond-expr","locations":[{"start":{"line":84,"column":38},"end":{"line":84,"column":50}},{"start":{"line":84,"column":50},"end":{"line":84,"column":null}}],"line":84}},"s":{"0":8,"1":8,"2":8,"3":5,"4":5,"5":3,"6":8,"7":8,"8":4,"9":4,"10":2,"11":8,"12":5,"13":5,"14":5},"f":{"0":8,"1":5},"b":{"0":[8],"1":[8],"2":[5,3],"3":[3,2],"4":[5,4],"5":[8,5],"6":[4,4],"7":[2,2],"8":[4,3],"9":[3,2],"10":[1,4]},"meta":{"lastBranch":11,"lastFunction":2,"lastStatement":15,"seen":{"f:30:16:30:Infinity":0,"b:32:19:32:Infinity":0,"b:33:15:33:Infinity":1,"s:35:16:35:Infinity":0,"s:36:17:36:Infinity":1,"b:38:4:43:Infinity:undefined:undefined:undefined:undefined":2,"s:38:4:43:Infinity":2,"s:39:28:39:Infinity":3,"b:40:8:42:Infinity:undefined:undefined:undefined:undefined":3,"s:40:8:42:Infinity":4,"b:40:12:40:35:40:35:40:52":4,"s:41:12:41:Infinity":5,"s:46:24:46:Infinity":6,"b:46:24:46:40:46:40:46:Infinity":5,"b:47:4:52:Infinity:undefined:undefined:undefined:undefined":6,"s:47:4:52:Infinity":7,"s:48:29:48:Infinity":8,"b:49:8:51:Infinity:undefined:undefined:undefined:undefined":7,"s:49:8:51:Infinity":9,"b:49:12:49:36:49:36:49:55":8,"s:50:12:50:Infinity":10,"s:54:4:54:Infinity":11,"f:66:16:66:Infinity":1,"s:76:20:76:Infinity":12,"s:77:23:77:Infinity":13,"b:77:33:77:56:77:56:77:Infinity":9,"s:79:4:86:Infinity":14,"b:84:38:84:50:84:50:84:Infinity":10}}}
,"/home/henry/projects/open-source/Credence-Backend/src/listeners/horizon.listeners.ts": {"path":"/home/henry/projects/open-source/Credence-Backend/src/listeners/horizon.listeners.ts","statementMap":{"0":{"start":{"line":14,"column":22},"end":{"line":14,"column":27}},"1":{"start":{"line":17,"column":4},"end":{"line":19,"column":null}},"2":{"start":{"line":18,"column":6},"end":{"line":18,"column":null}},"3":{"start":{"line":21,"column":4},"end":{"line":40,"column":null}},"4":{"start":{"line":22,"column":6},"end":{"line":37,"column":null}},"5":{"start":{"line":24,"column":10},"end":{"line":24,"column":null}},"6":{"start":{"line":24,"column":29},"end":{"line":24,"column":null}},"7":{"start":{"line":25,"column":10},"end":{"line":25,"column":null}},"8":{"start":{"line":26,"column":10},"end":{"line":26,"column":null}},"9":{"start":{"line":28,"column":10},"end":{"line":28,"column":null}},"10":{"start":{"line":28,"column":30},"end":{"line":28,"column":null}},"11":{"start":{"line":29,"column":10},"end":{"line":29,"column":null}},"12":{"start":{"line":30,"column":10},"end":{"line":30,"column":null}},"13":{"start":{"line":32,"column":10},"end":{"line":32,"column":null}},"14":{"start":{"line":33,"column":10},"end":{"line":33,"column":null}},"15":{"start":{"line":35,"column":10},"end":{"line":35,"column":null}},"16":{"start":{"line":36,"column":10},"end":{"line":36,"column":null}},"17":{"start":{"line":39,"column":6},"end":{"line":39,"column":null}}},"fnMap":{"0":{"name":"(anonymous_0)","decl":{"start":{"line":14,"column":2},"end":{"line":14,"column":22}},"loc":{"start":{"line":14,"column":41},"end":{"line":14,"column":null}},"line":14},"1":{"name":"(anonymous_1)","decl":{"start":{"line":16,"column":8},"end":{"line":16,"column":20}},"loc":{"start":{"line":16,"column":56},"end":{"line":41,"column":null}},"line":16}},"branchMap":{"0":{"loc":{"start":{"line":14,"column":22},"end":{"line":14,"column":41}},"type":"default-arg","locations":[{"start":{"line":14,"column":27},"end":{"line":14,"column":41}}],"line":14},"1":{"loc":{"start":{"line":17,"column":4},"end":{"line":19,"column":null}},"type":"if","locations":[{"start":{"line":17,"column":4},"end":{"line":19,"column":null}},{"start":{},"end":{}}],"line":17},"2":{"loc":{"start":{"line":17,"column":8},"end":{"line":17,"column":38}},"type":"binary-expr","locations":[{"start":{"line":17,"column":8},"end":{"line":17,"column":25}},{"start":{"line":17,"column":25},"end":{"line":17,"column":38}}],"line":17},"3":{"loc":{"start":{"line":22,"column":6},"end":{"line":37,"column":null}},"type":"switch","locations":[{"start":{"line":23,"column":8},"end":{"line":26,"column":null}},{"start":{"line":27,"column":8},"end":{"line":30,"column":null}},{"start":{"line":31,"column":8},"end":{"line":33,"column":null}},{"start":{"line":34,"column":8},"end":{"line":36,"column":null}}],"line":22},"4":{"loc":{"start":{"line":24,"column":10},"end":{"line":24,"column":null}},"type":"if","locations":[{"start":{"line":24,"column":10},"end":{"line":24,"column":null}},{"start":{},"end":{}}],"line":24},"5":{"loc":{"start":{"line":28,"column":10},"end":{"line":28,"column":null}},"type":"if","locations":[{"start":{"line":28,"column":10},"end":{"line":28,"column":null}},{"start":{},"end":{}}],"line":28}},"s":{"0":8,"1":8,"2":1,"3":7,"4":7,"5":3,"6":1,"7":2,"8":1,"9":2,"10":1,"11":1,"12":1,"13":1,"14":1,"15":1,"16":1,"17":3},"f":{"0":8,"1":8},"b":{"0":[8],"1":[1,7],"2":[8,7],"3":[7,2,1,1],"4":[1,2],"5":[1,1]},"meta":{"lastBranch":6,"lastFunction":2,"lastStatement":18,"seen":{"f:14:2:14:22":0,"b:14:27:14:41":0,"s:14:22:14:27":0,"f:16:8:16:20":1,"b:17:4:19:Infinity:undefined:undefined:undefined:undefined":1,"s:17:4:19:Infinity":1,"b:17:8:17:25:17:25:17:38":2,"s:18:6:18:Infinity":2,"s:21:4:40:Infinity":3,"b:23:8:26:Infinity:27:8:30:Infinity:31:8:33:Infinity:34:8:36:Infinity":3,"s:22:6:37:Infinity":4,"b:24:10:24:Infinity:undefined:undefined:undefined:undefined":4,"s:24:10:24:Infinity":5,"s:24:29:24:Infinity":6,"s:25:10:25:Infinity":7,"s:26:10:26:Infinity":8,"b:28:10:28:Infinity:undefined:undefined:undefined:undefined":5,"s:28:10:28:Infinity":9,"s:28:30:28:Infinity":10,"s:29:10:29:Infinity":11,"s:30:10:30:Infinity":12,"s:32:10:32:Infinity":13,"s:33:10:33:Infinity":14,"s:35:10:35:Infinity":15,"s:36:10:36:Infinity":16,"s:39:6:39:Infinity":17}}}
,"/home/henry/projects/open-source/Credence-Backend/src/listeners/horizonBondEvents.ts": {"path":"/home/henry/projects/open-source/Credence-Backend/src/listeners/horizonBondEvents.ts","statementMap":{"0":{"start":{"line":10,"column":20},"end":{"line":10,"column":null}},"1":{"start":{"line":11,"column":15},"end":{"line":11,"column":null}},"2":{"start":{"line":19,"column":15},"end":{"line":19,"column":null}},"3":{"start":{"line":21,"column":22},"end":{"line":42,"column":null}},"4":{"start":{"line":22,"column":4},"end":{"line":41,"column":null}},"5":{"start":{"line":27,"column":10},"end":{"line":27,"column":null}},"6":{"start":{"line":28,"column":10},"end":{"line":33,"column":null}},"7":{"start":{"line":29,"column":26},"end":{"line":29,"column":null}},"8":{"start":{"line":30,"column":12},"end":{"line":30,"column":null}},"9":{"start":{"line":31,"column":12},"end":{"line":31,"column":null}},"10":{"start":{"line":32,"column":12},"end":{"line":32,"column":null}},"11":{"start":{"line":32,"column":25},"end":{"line":32,"column":null}},"12":{"start":{"line":36,"column":10},"end":{"line":36,"column":null}},"13":{"start":{"line":37,"column":10},"end":{"line":39,"column":null}},"14":{"start":{"line":38,"column":12},"end":{"line":38,"column":null}},"15":{"start":{"line":43,"column":2},"end":{"line":43,"column":null}},"16":{"start":{"line":57,"column":2},"end":{"line":68,"column":null}}},"fnMap":{"0":{"name":"subscribeBondCreationEvents","decl":{"start":{"line":17,"column":16},"end":{"line":17,"column":44}},"loc":{"start":{"line":17,"column":53},"end":{"line":48,"column":null}},"line":17},"1":{"name":"(anonymous_1)","decl":{"start":{"line":21,"column":22},"end":{"line":21,"column":28}},"loc":{"start":{"line":21,"column":28},"end":{"line":42,"column":null}},"line":21},"2":{"name":"(anonymous_2)","decl":{"start":{"line":26,"column":19},"end":{"line":26,"column":26}},"loc":{"start":{"line":26,"column":33},"end":{"line":34,"column":null}},"line":26},"3":{"name":"(anonymous_3)","decl":{"start":{"line":35,"column":17},"end":{"line":35,"column":18}},"loc":{"start":{"line":35,"column":26},"end":{"line":40,"column":null}},"line":35},"4":{"name":"(anonymous_4)","decl":{"start":{"line":37,"column":21},"end":{"line":37,"column":27}},"loc":{"start":{"line":37,"column":27},"end":{"line":39,"column":13}},"line":37},"5":{"name":"parseBondEvent","decl":{"start":{"line":55,"column":9},"end":{"line":55,"column":24}},"loc":{"start":{"line":55,"column":28},"end":{"line":69,"column":null}},"line":55}},"branchMap":{"0":{"loc":{"start":{"line":10,"column":20},"end":{"line":10,"column":null}},"type":"binary-expr","locations":[{"start":{"line":10,"column":20},"end":{"line":10,"column":47}},{"start":{"line":10,"column":47},"end":{"line":10,"column":null}}],"line":10},"1":{"loc":{"start":{"line":28,"column":10},"end":{"line":33,"column":null}},"type":"if","locations":[{"start":{"line":28,"column":10},"end":{"line":33,"column":null}},{"start":{},"end":{}}],"line":28},"2":{"loc":{"start":{"line":32,"column":12},"end":{"line":32,"column":null}},"type":"if","locations":[{"start":{"line":32,"column":12},"end":{"line":32,"column":null}},{"start":{},"end":{}}],"line":32},"3":{"loc":{"start":{"line":65,"column":16},"end":{"line":65,"column":null}},"type":"binary-expr","locations":[{"start":{"line":65,"column":16},"end":{"line":65,"column":31}},{"start":{"line":65,"column":31},"end":{"line":65,"column":null}}],"line":65}},"s":{"0":1,"1":1,"2":3,"3":3,"4":3,"5":4,"6":4,"7":3,"8":3,"9":3,"10":3,"11":3,"12":0,"13":0,"14":0,"15":3,"16":3},"f":{"0":3,"1":3,"2":4,"3":0,"4":0,"5":3},"b":{"0":[1,1],"1":[3,1],"2":[3,0],"3":[3,0]},"meta":{"lastBranch":4,"lastFunction":6,"lastStatement":17,"seen":{"s:10:20:10:Infinity":0,"b:10:20:10:47:10:47:10:Infinity":0,"s:11:15:11:Infinity":1,"f:17:16:17:44":0,"s:19:15:19:Infinity":2,"s:21:22:42:Infinity":3,"f:21:22:21:28":1,"s:22:4:41:Infinity":4,"f:26:19:26:26":2,"s:27:10:27:Infinity":5,"b:28:10:33:Infinity:undefined:undefined:undefined:undefined":1,"s:28:10:33:Infinity":6,"s:29:26:29:Infinity":7,"s:30:12:30:Infinity":8,"s:31:12:31:Infinity":9,"b:32:12:32:Infinity:undefined:undefined:undefined:undefined":2,"s:32:12:32:Infinity":10,"s:32:25:32:Infinity":11,"f:35:17:35:18":3,"s:36:10:36:Infinity":12,"s:37:10:39:Infinity":13,"f:37:21:37:27":4,"s:38:12:38:Infinity":14,"s:43:2:43:Infinity":15,"f:55:9:55:24":5,"s:57:2:68:Infinity":16,"b:65:16:65:31:65:31:65:Infinity":3}}}
,"/home/henry/projects/open-source/Credence-Backend/src/listeners/identityStateSync.ts": {"path":"/home/henry/projects/open-source/Credence-Backend/src/listeners/identityStateSync.ts","statementMap":{"0":{"start":{"line":26,"column":2},"end":{"line":26,"column":null}},"1":{"start":{"line":26,"column":32},"end":{"line":26,"column":null}},"2":{"start":{"line":27,"column":2},"end":{"line":27,"column":null}},"3":{"start":{"line":27,"column":32},"end":{"line":27,"column":null}},"4":{"start":{"line":28,"column":2},"end":{"line":33,"column":null}},"5":{"start":{"line":43,"column":21},"end":{"line":43,"column":null}},"6":{"start":{"line":44,"column":21},"end":{"line":44,"column":null}},"7":{"start":{"line":53,"column":4},"end":{"line":66,"column":null}},"8":{"start":{"line":54,"column":25},"end":{"line":54,"column":null}},"9":{"start":{"line":55,"column":6},"end":{"line":57,"column":null}},"10":{"start":{"line":56,"column":8},"end":{"line":56,"column":null}},"11":{"start":{"line":58,"column":22},"end":{"line":58,"column":null}},"12":{"start":{"line":59,"column":6},"end":{"line":61,"column":null}},"13":{"start":{"line":60,"column":8},"end":{"line":60,"column":null}},"14":{"start":{"line":62,"column":6},"end":{"line":62,"column":null}},"15":{"start":{"line":63,"column":6},"end":{"line":63,"column":null}},"16":{"start":{"line":65,"column":6},"end":{"line":65,"column":null}},"17":{"start":{"line":74,"column":27},"end":{"line":74,"column":null}},"18":{"start":{"line":75,"column":27},"end":{"line":77,"column":null}},"19":{"start":{"line":78,"column":25},"end":{"line":78,"column":null}},"20":{"start":{"line":79,"column":39},"end":{"line":79,"column":null}},"21":{"start":{"line":80,"column":18},"end":{"line":80,"column":null}},"22":{"start":{"line":81,"column":4},"end":{"line":85,"column":null}},"23":{"start":{"line":82,"column":21},"end":{"line":82,"column":null}},"24":{"start":{"line":83,"column":6},"end":{"line":83,"column":null}},"25":{"start":{"line":84,"column":6},"end":{"line":84,"column":null}},"26":{"start":{"line":84,"column":26},"end":{"line":84,"column":null}},"27":{"start":{"line":86,"column":4},"end":{"line":90,"column":null}},"28":{"start":{"line":105,"column":2},"end":{"line":105,"column":null}}},"fnMap":{"0":{"name":"statesEqual","decl":{"start":{"line":25,"column":9},"end":{"line":25,"column":21}},"loc":{"start":{"line":25,"column":80},"end":{"line":35,"column":null}},"line":25},"1":{"name":"(anonymous_1)","decl":{"start":{"line":42,"column":2},"end":{"line":42,"column":null}},"loc":{"start":{"line":45,"column":4},"end":{"line":45,"column":null}},"line":45},"2":{"name":"(anonymous_2)","decl":{"start":{"line":52,"column":8},"end":{"line":52,"column":27}},"loc":{"start":{"line":52,"column":70},"end":{"line":67,"column":null}},"line":52},"3":{"name":"(anonymous_3)","decl":{"start":{"line":73,"column":8},"end":{"line":73,"column":48}},"loc":{"start":{"line":73,"column":48},"end":{"line":91,"column":null}},"line":73},"4":{"name":"createIdentityStateSync","decl":{"start":{"line":101,"column":16},"end":{"line":101,"column":null}},"loc":{"start":{"line":104,"column":21},"end":{"line":106,"column":null}},"line":104}},"branchMap":{"0":{"loc":{"start":{"line":26,"column":2},"end":{"line":26,"column":null}},"type":"if","locations":[{"start":{"line":26,"column":2},"end":{"line":26,"column":null}},{"start":{},"end":{}}],"line":26},"1":{"loc":{"start":{"line":26,"column":6},"end":{"line":26,"column":32}},"type":"binary-expr","locations":[{"start":{"line":26,"column":6},"end":{"line":26,"column":20}},{"start":{"line":26,"column":20},"end":{"line":26,"column":32}}],"line":26},"2":{"loc":{"start":{"line":27,"column":2},"end":{"line":27,"column":null}},"type":"if","locations":[{"start":{"line":27,"column":2},"end":{"line":27,"column":null}},{"start":{},"end":{}}],"line":27},"3":{"loc":{"start":{"line":27,"column":6},"end":{"line":27,"column":32}},"type":"binary-expr","locations":[{"start":{"line":27,"column":6},"end":{"line":27,"column":20}},{"start":{"line":27,"column":20},"end":{"line":27,"column":32}}],"line":27},"4":{"loc":{"start":{"line":29,"column":4},"end":{"line":33,"column":null}},"type":"binary-expr","locations":[{"start":{"line":29,"column":4},"end":{"line":29,"column":null}},{"start":{"line":30,"column":4},"end":{"line":30,"column":null}},{"start":{"line":31,"column":4},"end":{"line":31,"column":null}},{"start":{"line":32,"column":4},"end":{"line":32,"column":null}},{"start":{"line":33,"column":4},"end":{"line":33,"column":null}}],"line":29},"5":{"loc":{"start":{"line":55,"column":6},"end":{"line":57,"column":null}},"type":"if","locations":[{"start":{"line":55,"column":6},"end":{"line":57,"column":null}},{"start":{},"end":{}}],"line":55},"6":{"loc":{"start":{"line":59,"column":6},"end":{"line":61,"column":null}},"type":"if","locations":[{"start":{"line":59,"column":6},"end":{"line":61,"column":null}},{"start":{},"end":{}}],"line":59},"7":{"loc":{"start":{"line":75,"column":27},"end":{"line":77,"column":null}},"type":"cond-expr","locations":[{"start":{"line":76,"column":8},"end":{"line":76,"column":null}},{"start":{"line":77,"column":8},"end":{"line":77,"column":null}}],"line":75},"8":{"loc":{"start":{"line":84,"column":6},"end":{"line":84,"column":null}},"type":"if","locations":[{"start":{"line":84,"column":6},"end":{"line":84,"column":null}},{"start":{},"end":{}}],"line":84}},"s":{"0":11,"1":0,"2":11,"3":2,"4":9,"5":11,"6":11,"7":14,"8":14,"9":13,"10":2,"11":11,"12":11,"13":5,"14":6,"15":6,"16":1,"17":5,"18":5,"19":5,"20":5,"21":5,"22":5,"23":9,"24":9,"25":9,"26":4,"27":5,"28":1},"f":{"0":11,"1":11,"2":14,"3":5,"4":1},"b":{"0":[0,11],"1":[11,0],"2":[2,9],"3":[11,11],"4":[9,9,5,5,5],"5":[2,11],"6":[5,6],"7":[4,1],"8":[4,5]},"meta":{"lastBranch":9,"lastFunction":5,"lastStatement":29,"seen":{"f:25:9:25:21":0,"b:26:2:26:Infinity:undefined:undefined:undefined:undefined":0,"s:26:2:26:Infinity":0,"b:26:6:26:20:26:20:26:32":1,"s:26:32:26:Infinity":1,"b:27:2:27:Infinity:undefined:undefined:undefined:undefined":2,"s:27:2:27:Infinity":2,"b:27:6:27:20:27:20:27:32":3,"s:27:32:27:Infinity":3,"s:28:2:33:Infinity":4,"b:29:4:29:Infinity:30:4:30:Infinity:31:4:31:Infinity:32:4:32:Infinity:33:4:33:Infinity":4,"f:42:2:42:Infinity":1,"s:43:21:43:Infinity":5,"s:44:21:44:Infinity":6,"f:52:8:52:27":2,"s:53:4:66:Infinity":7,"s:54:25:54:Infinity":8,"b:55:6:57:Infinity:undefined:undefined:undefined:undefined":5,"s:55:6:57:Infinity":9,"s:56:8:56:Infinity":10,"s:58:22:58:Infinity":11,"b:59:6:61:Infinity:undefined:undefined:undefined:undefined":6,"s:59:6:61:Infinity":12,"s:60:8:60:Infinity":13,"s:62:6:62:Infinity":14,"s:63:6:63:Infinity":15,"s:65:6:65:Infinity":16,"f:73:8:73:48":3,"s:74:27:74:Infinity":17,"s:75:27:77:Infinity":18,"b:76:8:76:Infinity:77:8:77:Infinity":7,"s:78:25:78:Infinity":19,"s:79:39:79:Infinity":20,"s:80:18:80:Infinity":21,"s:81:4:85:Infinity":22,"s:82:21:82:Infinity":23,"s:83:6:83:Infinity":24,"b:84:6:84:Infinity:undefined:undefined:undefined:undefined":8,"s:84:6:84:Infinity":25,"s:84:26:84:Infinity":26,"s:86:4:90:Infinity":27,"f:101:16:101:Infinity":4,"s:105:2:105:Infinity":28}}}
,"/home/henry/projects/open-source/Credence-Backend/src/middleware/auth.ts": {"path":"/home/henry/projects/open-source/Credence-Backend/src/middleware/auth.ts","statementMap":{"0":{"start":{"line":6,"column":7},"end":{"line":6,"column":null}},"1":{"start":{"line":7,"column":2},"end":{"line":7,"column":null}},"2":{"start":{"line":8,"column":2},"end":{"line":8,"column":null}},"3":{"start":{"line":6,"column":12},"end":{"line":6,"column":null}},"4":{"start":{"line":25,"column":43},"end":{"line":28,"column":null}},"5":{"start":{"line":42,"column":2},"end":{"line":75,"column":null}},"6":{"start":{"line":43,"column":19},"end":{"line":43,"column":null}},"7":{"start":{"line":45,"column":4},"end":{"line":51,"column":null}},"8":{"start":{"line":46,"column":6},"end":{"line":49,"column":null}},"9":{"start":{"line":50,"column":6},"end":{"line":50,"column":null}},"10":{"start":{"line":53,"column":18},"end":{"line":53,"column":null}},"11":{"start":{"line":55,"column":4},"end":{"line":61,"column":null}},"12":{"start":{"line":56,"column":6},"end":{"line":59,"column":null}},"13":{"start":{"line":60,"column":6},"end":{"line":60,"column":null}},"14":{"start":{"line":64,"column":4},"end":{"line":70,"column":null}},"15":{"start":{"line":65,"column":6},"end":{"line":68,"column":null}},"16":{"start":{"line":69,"column":6},"end":{"line":69,"column":null}},"17":{"start":{"line":73,"column":6},"end":{"line":73,"column":null}},"18":{"start":{"line":74,"column":4},"end":{"line":74,"column":null}}},"fnMap":{"0":{"name":"(anonymous_0)","decl":{"start":{"line":6,"column":7},"end":{"line":6,"column":12}},"loc":{"start":{"line":6,"column":7},"end":{"line":6,"column":null}},"line":6},"1":{"name":"requireApiKey","decl":{"start":{"line":41,"column":16},"end":{"line":41,"column":30}},"loc":{"start":{"line":41,"column":55},"end":{"line":76,"column":null}},"line":41},"2":{"name":"(anonymous_2)","decl":{"start":{"line":42,"column":9},"end":{"line":42,"column":10}},"loc":{"start":{"line":42,"column":68},"end":{"line":75,"column":null}},"line":42}},"branchMap":{"0":{"loc":{"start":{"line":6,"column":12},"end":{"line":6,"column":null}},"type":"binary-expr","locations":[{"start":{"line":6,"column":12},"end":{"line":6,"column":null}},{"start":{"line":6,"column":12},"end":{"line":6,"column":null}}],"line":6},"1":{"loc":{"start":{"line":45,"column":4},"end":{"line":51,"column":null}},"type":"if","locations":[{"start":{"line":45,"column":4},"end":{"line":51,"column":null}},{"start":{},"end":{}}],"line":45},"2":{"loc":{"start":{"line":55,"column":4},"end":{"line":61,"column":null}},"type":"if","locations":[{"start":{"line":55,"column":4},"end":{"line":61,"column":null}},{"start":{},"end":{}}],"line":55},"3":{"loc":{"start":{"line":64,"column":4},"end":{"line":70,"column":null}},"type":"if","locations":[{"start":{"line":64,"column":4},"end":{"line":70,"column":null}},{"start":{},"end":{}}],"line":64},"4":{"loc":{"start":{"line":64,"column":8},"end":{"line":64,"column":80}},"type":"binary-expr","locations":[{"start":{"line":64,"column":8},"end":{"line":64,"column":49}},{"start":{"line":64,"column":49},"end":{"line":64,"column":80}}],"line":64}},"s":{"0":4,"1":4,"2":4,"3":4,"4":4,"5":14,"6":29,"7":29,"8":3,"9":3,"10":26,"11":26,"12":3,"13":3,"14":23,"15":2,"16":2,"17":21,"18":21},"f":{"0":4,"1":14,"2":29},"b":{"0":[4,4],"1":[3,26],"2":[3,23],"3":[2,21],"4":[23,20]},"meta":{"lastBranch":5,"lastFunction":3,"lastStatement":19,"seen":{"s:6:7:6:Infinity":0,"f:6:7:6:12":0,"s:7:2:7:Infinity":1,"s:8:2:8:Infinity":2,"s:6:12:6:Infinity":3,"b:6:12:6:Infinity:6:12:6:Infinity":0,"s:25:43:28:Infinity":4,"f:41:16:41:30":1,"s:42:2:75:Infinity":5,"f:42:9:42:10":2,"s:43:19:43:Infinity":6,"b:45:4:51:Infinity:undefined:undefined:undefined:undefined":1,"s:45:4:51:Infinity":7,"s:46:6:49:Infinity":8,"s:50:6:50:Infinity":9,"s:53:18:53:Infinity":10,"b:55:4:61:Infinity:undefined:undefined:undefined:undefined":2,"s:55:4:61:Infinity":11,"s:56:6:59:Infinity":12,"s:60:6:60:Infinity":13,"b:64:4:70:Infinity:undefined:undefined:undefined:undefined":3,"s:64:4:70:Infinity":14,"b:64:8:64:49:64:49:64:80":4,"s:65:6:68:Infinity":15,"s:69:6:69:Infinity":16,"s:73:6:73:Infinity":17,"s:74:4:74:Infinity":18}}}
,"/home/henry/projects/open-source/Credence-Backend/src/middleware/rbac.ts": {"path":"/home/henry/projects/open-source/Credence-Backend/src/middleware/rbac.ts","statementMap":{"0":{"start":{"line":15,"column":19},"end":{"line":24,"column":null}},"1":{"start":{"line":25,"column":5},"end":{"line":25,"column":null}},"2":{"start":{"line":36,"column":19},"end":{"line":36,"column":null}},"3":{"start":{"line":37,"column":5},"end":{"line":41,"column":null}},"4":{"start":{"line":38,"column":10},"end":{"line":38,"column":null}},"5":{"start":{"line":39,"column":10},"end":{"line":39,"column":null}},"6":{"start":{"line":40,"column":10},"end":{"line":40,"column":null}},"7":{"start":{"line":42,"column":5},"end":{"line":42,"column":null}},"8":{"start":{"line":57,"column":5},"end":{"line":72,"column":null}},"9":{"start":{"line":58,"column":23},"end":{"line":58,"column":null}},"10":{"start":{"line":59,"column":10},"end":{"line":59,"column":null}},"11":{"start":{"line":59,"column":21},"end":{"line":59,"column":null}},"12":{"start":{"line":61,"column":10},"end":{"line":69,"column":null}},"13":{"start":{"line":62,"column":15},"end":{"line":62,"column":null}},"14":{"start":{"line":63,"column":15},"end":{"line":67,"column":null}},"15":{"start":{"line":68,"column":15},"end":{"line":68,"column":null}},"16":{"start":{"line":71,"column":10},"end":{"line":71,"column":null}},"17":{"start":{"line":84,"column":5},"end":{"line":99,"column":null}},"18":{"start":{"line":85,"column":23},"end":{"line":85,"column":null}},"19":{"start":{"line":86,"column":10},"end":{"line":86,"column":null}},"20":{"start":{"line":86,"column":21},"end":{"line":86,"column":null}},"21":{"start":{"line":88,"column":10},"end":{"line":96,"column":null}},"22":{"start":{"line":89,"column":15},"end":{"line":89,"column":null}},"23":{"start":{"line":90,"column":15},"end":{"line":94,"column":null}},"24":{"start":{"line":95,"column":15},"end":{"line":95,"column":null}},"25":{"start":{"line":98,"column":10},"end":{"line":98,"column":null}},"26":{"start":{"line":110,"column":5},"end":{"line":114,"column":null}},"27":{"start":{"line":111,"column":23},"end":{"line":111,"column":null}},"28":{"start":{"line":112,"column":10},"end":{"line":112,"column":null}},"29":{"start":{"line":112,"column":21},"end":{"line":112,"column":null}},"30":{"start":{"line":113,"column":10},"end":{"line":113,"column":null}}},"fnMap":{"0":{"name":"logDenial","decl":{"start":{"line":10,"column":9},"end":{"line":10,"column":null}},"loc":{"start":{"line":14,"column":8},"end":{"line":26,"column":null}},"line":14},"1":{"name":"resolveUser","decl":{"start":{"line":32,"column":9},"end":{"line":32,"column":null}},"loc":{"start":{"line":35,"column":28},"end":{"line":43,"column":null}},"line":35},"2":{"name":"requireRole","decl":{"start":{"line":56,"column":16},"end":{"line":56,"column":31}},"loc":{"start":{"line":56,"column":46},"end":{"line":73,"column":null}},"line":56},"3":{"name":"(anonymous_3)","decl":{"start":{"line":57,"column":12},"end":{"line":57,"column":13}},"loc":{"start":{"line":57,"column":71},"end":{"line":72,"column":null}},"line":57},"4":{"name":"requireMinRole","decl":{"start":{"line":83,"column":16},"end":{"line":83,"column":31}},"loc":{"start":{"line":83,"column":46},"end":{"line":100,"column":null}},"line":83},"5":{"name":"(anonymous_5)","decl":{"start":{"line":84,"column":12},"end":{"line":84,"column":13}},"loc":{"start":{"line":84,"column":71},"end":{"line":99,"column":null}},"line":84},"6":{"name":"requireAnyRole","decl":{"start":{"line":109,"column":16},"end":{"line":109,"column":33}},"loc":{"start":{"line":109,"column":33},"end":{"line":115,"column":null}},"line":109},"7":{"name":"(anonymous_7)","decl":{"start":{"line":110,"column":12},"end":{"line":110,"column":13}},"loc":{"start":{"line":110,"column":71},"end":{"line":114,"column":null}},"line":110}},"branchMap":{"0":{"loc":{"start":{"line":20,"column":18},"end":{"line":20,"column":null}},"type":"binary-expr","locations":[{"start":{"line":20,"column":18},"end":{"line":20,"column":30}},{"start":{"line":20,"column":30},"end":{"line":20,"column":null}}],"line":20},"1":{"loc":{"start":{"line":21,"column":20},"end":{"line":21,"column":null}},"type":"binary-expr","locations":[{"start":{"line":21,"column":20},"end":{"line":21,"column":34}},{"start":{"line":21,"column":34},"end":{"line":21,"column":null}}],"line":21},"2":{"loc":{"start":{"line":22,"column":23},"end":{"line":22,"column":null}},"type":"binary-expr","locations":[{"start":{"line":22,"column":23},"end":{"line":22,"column":40}},{"start":{"line":22,"column":40},"end":{"line":22,"column":null}}],"line":22},"3":{"loc":{"start":{"line":37,"column":5},"end":{"line":41,"column":null}},"type":"if","locations":[{"start":{"line":37,"column":5},"end":{"line":41,"column":null}},{"start":{},"end":{}}],"line":37},"4":{"loc":{"start":{"line":59,"column":10},"end":{"line":59,"column":null}},"type":"if","locations":[{"start":{"line":59,"column":10},"end":{"line":59,"column":null}},{"start":{},"end":{}}],"line":59},"5":{"loc":{"start":{"line":61,"column":10},"end":{"line":69,"column":null}},"type":"if","locations":[{"start":{"line":61,"column":10},"end":{"line":69,"column":null}},{"start":{},"end":{}}],"line":61},"6":{"loc":{"start":{"line":86,"column":10},"end":{"line":86,"column":null}},"type":"if","locations":[{"start":{"line":86,"column":10},"end":{"line":86,"column":null}},{"start":{},"end":{}}],"line":86},"7":{"loc":{"start":{"line":88,"column":10},"end":{"line":96,"column":null}},"type":"if","locations":[{"start":{"line":88,"column":10},"end":{"line":96,"column":null}},{"start":{},"end":{}}],"line":88},"8":{"loc":{"start":{"line":112,"column":10},"end":{"line":112,"column":null}},"type":"if","locations":[{"start":{"line":112,"column":10},"end":{"line":112,"column":null}},{"start":{},"end":{}}],"line":112}},"s":{"0":12,"1":12,"2":29,"3":29,"4":3,"5":3,"6":3,"7":26,"8":6,"9":7,"10":7,"11":1,"12":6,"13":3,"14":3,"15":3,"16":3,"17":17,"18":17,"19":17,"20":1,"21":16,"22":6,"23":6,"24":6,"25":10,"26":5,"27":5,"28":5,"29":1,"30":4},"f":{"0":12,"1":29,"2":6,"3":7,"4":17,"5":17,"6":5,"7":5},"b":{"0":[12,3],"1":[12,3],"2":[12,3],"3":[3,26],"4":[1,6],"5":[3,3],"6":[1,16],"7":[6,10],"8":[1,4]},"meta":{"lastBranch":9,"lastFunction":8,"lastStatement":31,"seen":{"f:10:9:10:Infinity":0,"s:15:19:24:Infinity":0,"b:20:18:20:30:20:30:20:Infinity":0,"b:21:20:21:34:21:34:21:Infinity":1,"b:22:23:22:40:22:40:22:Infinity":2,"s:25:5:25:Infinity":1,"f:32:9:32:Infinity":1,"s:36:19:36:Infinity":2,"b:37:5:41:Infinity:undefined:undefined:undefined:undefined":3,"s:37:5:41:Infinity":3,"s:38:10:38:Infinity":4,"s:39:10:39:Infinity":5,"s:40:10:40:Infinity":6,"s:42:5:42:Infinity":7,"f:56:16:56:31":2,"s:57:5:72:Infinity":8,"f:57:12:57:13":3,"s:58:23:58:Infinity":9,"b:59:10:59:Infinity:undefined:undefined:undefined:undefined":4,"s:59:10:59:Infinity":10,"s:59:21:59:Infinity":11,"b:61:10:69:Infinity:undefined:undefined:undefined:undefined":5,"s:61:10:69:Infinity":12,"s:62:15:62:Infinity":13,"s:63:15:67:Infinity":14,"s:68:15:68:Infinity":15,"s:71:10:71:Infinity":16,"f:83:16:83:31":4,"s:84:5:99:Infinity":17,"f:84:12:84:13":5,"s:85:23:85:Infinity":18,"b:86:10:86:Infinity:undefined:undefined:undefined:undefined":6,"s:86:10:86:Infinity":19,"s:86:21:86:Infinity":20,"b:88:10:96:Infinity:undefined:undefined:undefined:undefined":7,"s:88:10:96:Infinity":21,"s:89:15:89:Infinity":22,"s:90:15:94:Infinity":23,"s:95:15:95:Infinity":24,"s:98:10:98:Infinity":25,"f:109:16:109:33":6,"s:110:5:114:Infinity":26,"f:110:12:110:13":7,"s:111:23:111:Infinity":27,"b:112:10:112:Infinity:undefined:undefined:undefined:undefined":8,"s:112:10:112:Infinity":28,"s:112:21:112:Infinity":29,"s:113:10:113:Infinity":30}}}
,"/home/henry/projects/open-source/Credence-Backend/src/middleware/requestId.ts": {"path":"/home/henry/projects/open-source/Credence-Backend/src/middleware/requestId.ts","statementMap":{"0":{"start":{"line":7,"column":35},"end":{"line":27,"column":null}},"1":{"start":{"line":13,"column":24},"end":{"line":13,"column":null}},"2":{"start":{"line":16,"column":8},"end":{"line":16,"column":null}},"3":{"start":{"line":19,"column":2},"end":{"line":19,"column":null}},"4":{"start":{"line":20,"column":2},"end":{"line":20,"column":null}},"5":{"start":{"line":23,"column":2},"end":{"line":23,"column":null}},"6":{"start":{"line":24,"column":2},"end":{"line":24,"column":null}},"7":{"start":{"line":26,"column":2},"end":{"line":26,"column":null}}},"fnMap":{"0":{"name":"(anonymous_0)","decl":{"start":{"line":7,"column":35},"end":{"line":7,"column":null}},"loc":{"start":{"line":11,"column":5},"end":{"line":27,"column":null}},"line":11}},"branchMap":{"0":{"loc":{"start":{"line":13,"column":24},"end":{"line":13,"column":null}},"type":"binary-expr","locations":[{"start":{"line":13,"column":24},"end":{"line":13,"column":58}},{"start":{"line":13,"column":53},"end":{"line":13,"column":null}}],"line":13}},"s":{"0":1,"1":2,"2":2,"3":2,"4":2,"5":2,"6":2,"7":2},"f":{"0":2},"b":{"0":[2,1]},"meta":{"lastBranch":1,"lastFunction":1,"lastStatement":8,"seen":{"s:7:35:27:Infinity":0,"f:7:35:7:Infinity":0,"s:13:24:13:Infinity":1,"b:13:24:13:58:13:53:13:Infinity":0,"s:16:8:16:Infinity":2,"s:19:2:19:Infinity":3,"s:20:2:20:Infinity":4,"s:23:2:23:Infinity":5,"s:24:2:24:Infinity":6,"s:26:2:26:Infinity":7}}}
,"/home/henry/projects/open-source/Credence-Backend/src/middleware/validate.ts": {"path":"/home/henry/projects/open-source/Credence-Backend/src/middleware/validate.ts","statementMap":{"0":{"start":{"line":42,"column":18},"end":{"line":42,"column":null}},"1":{"start":{"line":43,"column":2},"end":{"line":46,"column":null}},"2":{"start":{"line":43,"column":28},"end":{"line":46,"column":4}},"3":{"start":{"line":69,"column":73},"end":{"line":69,"column":null}},"4":{"start":{"line":71,"column":2},"end":{"line":112,"column":null}},"5":{"start":{"line":72,"column":64},"end":{"line":72,"column":null}},"6":{"start":{"line":73,"column":61},"end":{"line":73,"column":null}},"7":{"start":{"line":75,"column":4},"end":{"line":82,"column":null}},"8":{"start":{"line":76,"column":21},"end":{"line":76,"column":null}},"9":{"start":{"line":77,"column":6},"end":{"line":81,"column":null}},"10":{"start":{"line":78,"column":8},"end":{"line":78,"column":null}},"11":{"start":{"line":80,"column":8},"end":{"line":80,"column":null}},"12":{"start":{"line":84,"column":4},"end":{"line":91,"column":null}},"13":{"start":{"line":85,"column":21},"end":{"line":85,"column":null}},"14":{"start":{"line":86,"column":6},"end":{"line":90,"column":null}},"15":{"start":{"line":87,"column":8},"end":{"line":87,"column":null}},"16":{"start":{"line":89,"column":8},"end":{"line":89,"column":null}},"17":{"start":{"line":93,"column":4},"end":{"line":100,"column":null}},"18":{"start":{"line":94,"column":21},"end":{"line":94,"column":null}},"19":{"start":{"line":95,"column":6},"end":{"line":99,"column":null}},"20":{"start":{"line":96,"column":8},"end":{"line":96,"column":null}},"21":{"start":{"line":98,"column":8},"end":{"line":98,"column":null}},"22":{"start":{"line":102,"column":4},"end":{"line":108,"column":null}},"23":{"start":{"line":103,"column":6},"end":{"line":106,"column":null}},"24":{"start":{"line":107,"column":6},"end":{"line":107,"column":null}},"25":{"start":{"line":110,"column":4},"end":{"line":110,"column":null}},"26":{"start":{"line":111,"column":4},"end":{"line":111,"column":null}}},"fnMap":{"0":{"name":"formatZodErrors","decl":{"start":{"line":41,"column":9},"end":{"line":41,"column":25}},"loc":{"start":{"line":41,"column":84},"end":{"line":47,"column":null}},"line":41},"1":{"name":"(anonymous_1)","decl":{"start":{"line":43,"column":20},"end":{"line":43,"column":21}},"loc":{"start":{"line":43,"column":28},"end":{"line":46,"column":4}},"line":43},"2":{"name":"validate","decl":{"start":{"line":66,"column":16},"end":{"line":66,"column":null}},"loc":{"start":{"line":68,"column":61},"end":{"line":113,"column":null}},"line":68},"3":{"name":"(anonymous_3)","decl":{"start":{"line":71,"column":9},"end":{"line":71,"column":10}},"loc":{"start":{"line":71,"column":62},"end":{"line":112,"column":null}},"line":71}},"branchMap":{"0":{"loc":{"start":{"line":42,"column":18},"end":{"line":42,"column":null}},"type":"binary-expr","locations":[{"start":{"line":42,"column":18},"end":{"line":42,"column":105}},{"start":{"line":42,"column":105},"end":{"line":42,"column":null}}],"line":42},"1":{"loc":{"start":{"line":44,"column":10},"end":{"line":44,"column":null}},"type":"cond-expr","locations":[{"start":{"line":44,"column":27},"end":{"line":44,"column":46}},{"start":{"line":44,"column":46},"end":{"line":44,"column":null}}],"line":44},"2":{"loc":{"start":{"line":75,"column":4},"end":{"line":82,"column":null}},"type":"if","locations":[{"start":{"line":75,"column":4},"end":{"line":82,"column":null}},{"start":{},"end":{}}],"line":75},"3":{"loc":{"start":{"line":77,"column":6},"end":{"line":81,"column":null}},"type":"if","locations":[{"start":{"line":77,"column":6},"end":{"line":81,"column":null}},{"start":{"line":79,"column":13},"end":{"line":81,"column":null}}],"line":77},"4":{"loc":{"start":{"line":84,"column":4},"end":{"line":91,"column":null}},"type":"if","locations":[{"start":{"line":84,"column":4},"end":{"line":91,"column":null}},{"start":{},"end":{}}],"line":84},"5":{"loc":{"start":{"line":86,"column":6},"end":{"line":90,"column":null}},"type":"if","locations":[{"start":{"line":86,"column":6},"end":{"line":90,"column":null}},{"start":{"line":88,"column":13},"end":{"line":90,"column":null}}],"line":86},"6":{"loc":{"start":{"line":93,"column":4},"end":{"line":100,"column":null}},"type":"if","locations":[{"start":{"line":93,"column":4},"end":{"line":100,"column":null}},{"start":{},"end":{}}],"line":93},"7":{"loc":{"start":{"line":95,"column":6},"end":{"line":99,"column":null}},"type":"if","locations":[{"start":{"line":95,"column":6},"end":{"line":99,"column":null}},{"start":{"line":97,"column":13},"end":{"line":99,"column":null}}],"line":95},"8":{"loc":{"start":{"line":102,"column":4},"end":{"line":108,"column":null}},"type":"if","locations":[{"start":{"line":102,"column":4},"end":{"line":108,"column":null}},{"start":{},"end":{}}],"line":102}},"s":{"0":16,"1":16,"2":16,"3":21,"4":21,"5":27,"6":27,"7":27,"8":18,"9":18,"10":9,"11":9,"12":27,"13":7,"14":7,"15":5,"16":2,"17":27,"18":8,"19":8,"20":3,"21":5,"22":27,"23":15,"24":15,"25":12,"26":12},"f":{"0":16,"1":16,"2":21,"3":27},"b":{"0":[16,0],"1":[16,0],"2":[18,9],"3":[9,9],"4":[7,20],"5":[5,2],"6":[8,19],"7":[3,5],"8":[15,12]},"meta":{"lastBranch":9,"lastFunction":4,"lastStatement":27,"seen":{"f:41:9:41:25":0,"s:42:18:42:Infinity":0,"b:42:18:42:105:42:105:42:Infinity":0,"s:43:2:46:Infinity":1,"f:43:20:43:21":1,"s:43:28:46:4":2,"b:44:27:44:46:44:46:44:Infinity":1,"f:66:16:66:Infinity":2,"s:69:73:69:Infinity":3,"s:71:2:112:Infinity":4,"f:71:9:71:10":3,"s:72:64:72:Infinity":5,"s:73:61:73:Infinity":6,"b:75:4:82:Infinity:undefined:undefined:undefined:undefined":2,"s:75:4:82:Infinity":7,"s:76:21:76:Infinity":8,"b:77:6:81:Infinity:79:13:81:Infinity":3,"s:77:6:81:Infinity":9,"s:78:8:78:Infinity":10,"s:80:8:80:Infinity":11,"b:84:4:91:Infinity:undefined:undefined:undefined:undefined":4,"s:84:4:91:Infinity":12,"s:85:21:85:Infinity":13,"b:86:6:90:Infinity:88:13:90:Infinity":5,"s:86:6:90:Infinity":14,"s:87:8:87:Infinity":15,"s:89:8:89:Infinity":16,"b:93:4:100:Infinity:undefined:undefined:undefined:undefined":6,"s:93:4:100:Infinity":17,"s:94:21:94:Infinity":18,"b:95:6:99:Infinity:97:13:99:Infinity":7,"s:95:6:99:Infinity":19,"s:96:8:96:Infinity":20,"s:98:8:98:Infinity":21,"b:102:4:108:Infinity:undefined:undefined:undefined:undefined":8,"s:102:4:108:Infinity":22,"s:103:6:106:Infinity":23,"s:107:6:107:Infinity":24,"s:110:4:110:Infinity":25,"s:111:4:111:Infinity":26}}}
,"/home/henry/projects/open-source/Credence-Backend/src/repositories/arbitrationLogRepository.ts": {"path":"/home/henry/projects/open-source/Credence-Backend/src/repositories/arbitrationLogRepository.ts","statementMap":{"0":{"start":{"line":32,"column":28},"end":{"line":32,"column":null}},"1":{"start":{"line":38,"column":38},"end":{"line":38,"column":null}},"2":{"start":{"line":54,"column":4},"end":{"line":56,"column":null}},"3":{"start":{"line":55,"column":6},"end":{"line":55,"column":null}},"4":{"start":{"line":58,"column":4},"end":{"line":62,"column":null}},"5":{"start":{"line":58,"column":33},"end":{"line":58,"column":50}},"6":{"start":{"line":59,"column":6},"end":{"line":61,"column":null}},"7":{"start":{"line":64,"column":19},"end":{"line":64,"column":null}},"8":{"start":{"line":65,"column":4},"end":{"line":65,"column":null}},"9":{"start":{"line":66,"column":4},"end":{"line":66,"column":null}},"10":{"start":{"line":80,"column":4},"end":{"line":80,"column":null}},"11":{"start":{"line":80,"column":36},"end":{"line":80,"column":47}},"12":{"start":{"line":100,"column":8},"end":{"line":100,"column":null}},"13":{"start":{"line":102,"column":60},"end":{"line":102,"column":null}},"14":{"start":{"line":104,"column":4},"end":{"line":106,"column":null}},"15":{"start":{"line":105,"column":6},"end":{"line":105,"column":null}},"16":{"start":{"line":105,"column":38},"end":{"line":105,"column":63}},"17":{"start":{"line":108,"column":4},"end":{"line":110,"column":null}},"18":{"start":{"line":109,"column":6},"end":{"line":109,"column":null}},"19":{"start":{"line":109,"column":38},"end":{"line":109,"column":58}},"20":{"start":{"line":112,"column":4},"end":{"line":115,"column":null}},"21":{"start":{"line":113,"column":22},"end":{"line":113,"column":null}},"22":{"start":{"line":114,"column":6},"end":{"line":114,"column":null}},"23":{"start":{"line":114,"column":38},"end":{"line":114,"column":62}},"24":{"start":{"line":117,"column":4},"end":{"line":119,"column":null}},"25":{"start":{"line":118,"column":6},"end":{"line":118,"column":null}},"26":{"start":{"line":118,"column":38},"end":{"line":118,"column":57}},"27":{"start":{"line":121,"column":4},"end":{"line":123,"column":null}},"28":{"start":{"line":122,"column":6},"end":{"line":122,"column":null}},"29":{"start":{"line":122,"column":38},"end":{"line":122,"column":55}},"30":{"start":{"line":126,"column":4},"end":{"line":129,"column":null}},"31":{"start":{"line":127,"column":18},"end":{"line":127,"column":null}},"32":{"start":{"line":128,"column":6},"end":{"line":128,"column":null}},"33":{"start":{"line":131,"column":4},"end":{"line":131,"column":null}},"34":{"start":{"line":141,"column":4},"end":{"line":143,"column":null}},"35":{"start":{"line":142,"column":21},"end":{"line":142,"column":46}},"36":{"start":{"line":143,"column":22},"end":{"line":143,"column":57}},"37":{"start":{"line":153,"column":20},"end":{"line":153,"column":null}},"38":{"start":{"line":154,"column":17},"end":{"line":154,"column":null}},"39":{"start":{"line":155,"column":4},"end":{"line":155,"column":null}},"40":{"start":{"line":156,"column":4},"end":{"line":156,"column":null}},"41":{"start":{"line":163,"column":4},"end":{"line":163,"column":null}},"42":{"start":{"line":170,"column":4},"end":{"line":170,"column":null}},"43":{"start":{"line":177,"column":5},"end":{"line":177,"column":null}},"44":{"start":{"line":178,"column":4},"end":{"line":178,"column":null}}},"fnMap":{"0":{"name":"(anonymous_0)","decl":{"start":{"line":53,"column":2},"end":{"line":53,"column":9}},"loc":{"start":{"line":53,"column":68},"end":{"line":67,"column":null}},"line":53},"1":{"name":"(anonymous_1)","decl":{"start":{"line":58,"column":26},"end":{"line":58,"column":27}},"loc":{"start":{"line":58,"column":33},"end":{"line":58,"column":50}},"line":58},"2":{"name":"(anonymous_2)","decl":{"start":{"line":79,"column":2},"end":{"line":79,"column":11}},"loc":{"start":{"line":79,"column":66},"end":{"line":81,"column":null}},"line":79},"3":{"name":"(anonymous_3)","decl":{"start":{"line":80,"column":29},"end":{"line":80,"column":30}},"loc":{"start":{"line":80,"column":36},"end":{"line":80,"column":47}},"line":80},"4":{"name":"(anonymous_4)","decl":{"start":{"line":91,"column":2},"end":{"line":91,"column":8}},"loc":{"start":{"line":91,"column":87},"end":{"line":132,"column":null}},"line":91},"5":{"name":"(anonymous_5)","decl":{"start":{"line":105,"column":31},"end":{"line":105,"column":32}},"loc":{"start":{"line":105,"column":38},"end":{"line":105,"column":63}},"line":105},"6":{"name":"(anonymous_6)","decl":{"start":{"line":109,"column":31},"end":{"line":109,"column":32}},"loc":{"start":{"line":109,"column":38},"end":{"line":109,"column":58}},"line":109},"7":{"name":"(anonymous_7)","decl":{"start":{"line":114,"column":31},"end":{"line":114,"column":32}},"loc":{"start":{"line":114,"column":38},"end":{"line":114,"column":62}},"line":114},"8":{"name":"(anonymous_8)","decl":{"start":{"line":118,"column":31},"end":{"line":118,"column":32}},"loc":{"start":{"line":118,"column":38},"end":{"line":118,"column":57}},"line":118},"9":{"name":"(anonymous_9)","decl":{"start":{"line":122,"column":31},"end":{"line":122,"column":32}},"loc":{"start":{"line":122,"column":38},"end":{"line":122,"column":55}},"line":122},"10":{"name":"(anonymous_10)","decl":{"start":{"line":126,"column":32},"end":{"line":126,"column":33}},"loc":{"start":{"line":126,"column":42},"end":{"line":129,"column":5}},"line":126},"11":{"name":"(anonymous_11)","decl":{"start":{"line":140,"column":2},"end":{"line":140,"column":18}},"loc":{"start":{"line":140,"column":83},"end":{"line":144,"column":null}},"line":140},"12":{"name":"(anonymous_12)","decl":{"start":{"line":142,"column":14},"end":{"line":142,"column":15}},"loc":{"start":{"line":142,"column":21},"end":{"line":142,"column":46}},"line":142},"13":{"name":"(anonymous_13)","decl":{"start":{"line":143,"column":12},"end":{"line":143,"column":13}},"loc":{"start":{"line":143,"column":22},"end":{"line":143,"column":57}},"line":143},"14":{"name":"(anonymous_14)","decl":{"start":{"line":152,"column":2},"end":{"line":152,"column":21}},"loc":{"start":{"line":152,"column":48},"end":{"line":157,"column":null}},"line":152},"15":{"name":"(anonymous_15)","decl":{"start":{"line":162,"column":6},"end":{"line":162,"column":21}},"loc":{"start":{"line":162,"column":21},"end":{"line":164,"column":null}},"line":162},"16":{"name":"(anonymous_16)","decl":{"start":{"line":169,"column":2},"end":{"line":169,"column":54}},"loc":{"start":{"line":169,"column":54},"end":{"line":171,"column":null}},"line":169},"17":{"name":"(anonymous_17)","decl":{"start":{"line":176,"column":2},"end":{"line":176,"column":16}},"loc":{"start":{"line":176,"column":16},"end":{"line":179,"column":null}},"line":176}},"branchMap":{"0":{"loc":{"start":{"line":54,"column":4},"end":{"line":56,"column":null}},"type":"if","locations":[{"start":{"line":54,"column":4},"end":{"line":56,"column":null}},{"start":{},"end":{}}],"line":54},"1":{"loc":{"start":{"line":58,"column":4},"end":{"line":62,"column":null}},"type":"if","locations":[{"start":{"line":58,"column":4},"end":{"line":62,"column":null}},{"start":{},"end":{}}],"line":58},"2":{"loc":{"start":{"line":91,"column":8},"end":{"line":91,"column":87}},"type":"default-arg","locations":[{"start":{"line":91,"column":37},"end":{"line":91,"column":87}}],"line":91},"3":{"loc":{"start":{"line":98,"column":6},"end":{"line":98,"column":null}},"type":"default-arg","locations":[{"start":{"line":98,"column":14},"end":{"line":98,"column":null}}],"line":98},"4":{"loc":{"start":{"line":99,"column":6},"end":{"line":99,"column":null}},"type":"default-arg","locations":[{"start":{"line":99,"column":15},"end":{"line":99,"column":null}}],"line":99},"5":{"loc":{"start":{"line":104,"column":4},"end":{"line":106,"column":null}},"type":"if","locations":[{"start":{"line":104,"column":4},"end":{"line":106,"column":null}},{"start":{},"end":{}}],"line":104},"6":{"loc":{"start":{"line":108,"column":4},"end":{"line":110,"column":null}},"type":"if","locations":[{"start":{"line":108,"column":4},"end":{"line":110,"column":null}},{"start":{},"end":{}}],"line":108},"7":{"loc":{"start":{"line":112,"column":4},"end":{"line":115,"column":null}},"type":"if","locations":[{"start":{"line":112,"column":4},"end":{"line":115,"column":null}},{"start":{},"end":{}}],"line":112},"8":{"loc":{"start":{"line":112,"column":8},"end":{"line":112,"column":59}},"type":"binary-expr","locations":[{"start":{"line":112,"column":8},"end":{"line":112,"column":36}},{"start":{"line":112,"column":36},"end":{"line":112,"column":59}}],"line":112},"9":{"loc":{"start":{"line":117,"column":4},"end":{"line":119,"column":null}},"type":"if","locations":[{"start":{"line":117,"column":4},"end":{"line":119,"column":null}},{"start":{},"end":{}}],"line":117},"10":{"loc":{"start":{"line":121,"column":4},"end":{"line":123,"column":null}},"type":"if","locations":[{"start":{"line":121,"column":4},"end":{"line":123,"column":null}},{"start":{},"end":{}}],"line":121},"11":{"loc":{"start":{"line":128,"column":13},"end":{"line":128,"column":null}},"type":"cond-expr","locations":[{"start":{"line":128,"column":25},"end":{"line":128,"column":31}},{"start":{"line":128,"column":31},"end":{"line":128,"column":null}}],"line":128},"12":{"loc":{"start":{"line":153,"column":20},"end":{"line":153,"column":null}},"type":"binary-expr","locations":[{"start":{"line":153,"column":20},"end":{"line":153,"column":60}},{"start":{"line":153,"column":60},"end":{"line":153,"column":null}}],"line":153}},"s":{"0":63,"1":63,"2":137,"3":1,"4":136,"5":185,"6":1,"7":135,"8":135,"9":135,"10":6,"11":3,"12":23,"13":23,"14":23,"15":5,"16":15,"17":23,"18":4,"19":16,"20":23,"21":5,"22":5,"23":20,"24":23,"25":2,"26":10,"27":23,"28":2,"29":9,"30":23,"31":40,"32":40,"33":23,"34":8,"35":19,"36":13,"37":69,"38":69,"39":69,"40":69,"41":8,"42":2,"43":2,"44":2},"f":{"0":137,"1":185,"2":6,"3":3,"4":23,"5":15,"6":16,"7":20,"8":10,"9":9,"10":40,"11":8,"12":19,"13":13,"14":69,"15":8,"16":2,"17":2},"b":{"0":[1,136],"1":[1,135],"2":[23],"3":[23],"4":[23],"5":[5,18],"6":[4,19],"7":[5,18],"8":[23,5],"9":[2,21],"10":[2,21],"11":[38,2],"12":[69,37]},"meta":{"lastBranch":13,"lastFunction":18,"lastStatement":45,"seen":{"s:32:28:32:Infinity":0,"s:38:38:38:Infinity":1,"f:53:2:53:9":0,"b:54:4:56:Infinity:undefined:undefined:undefined:undefined":0,"s:54:4:56:Infinity":2,"s:55:6:55:Infinity":3,"b:58:4:62:Infinity:undefined:undefined:undefined:undefined":1,"s:58:4:62:Infinity":4,"f:58:26:58:27":1,"s:58:33:58:50":5,"s:59:6:61:Infinity":6,"s:64:19:64:Infinity":7,"s:65:4:65:Infinity":8,"s:66:4:66:Infinity":9,"f:79:2:79:11":2,"s:80:4:80:Infinity":10,"f:80:29:80:30":3,"s:80:36:80:47":11,"f:91:2:91:8":4,"b:91:37:91:87":2,"s:100:8:100:Infinity":12,"b:98:14:98:Infinity":3,"b:99:15:99:Infinity":4,"s:102:60:102:Infinity":13,"b:104:4:106:Infinity:undefined:undefined:undefined:undefined":5,"s:104:4:106:Infinity":14,"s:105:6:105:Infinity":15,"f:105:31:105:32":5,"s:105:38:105:63":16,"b:108:4:110:Infinity:undefined:undefined:undefined:undefined":6,"s:108:4:110:Infinity":17,"s:109:6:109:Infinity":18,"f:109:31:109:32":6,"s:109:38:109:58":19,"b:112:4:115:Infinity:undefined:undefined:undefined:undefined":7,"s:112:4:115:Infinity":20,"b:112:8:112:36:112:36:112:59":8,"s:113:22:113:Infinity":21,"s:114:6:114:Infinity":22,"f:114:31:114:32":7,"s:114:38:114:62":23,"b:117:4:119:Infinity:undefined:undefined:undefined:undefined":9,"s:117:4:119:Infinity":24,"s:118:6:118:Infinity":25,"f:118:31:118:32":8,"s:118:38:118:57":26,"b:121:4:123:Infinity:undefined:undefined:undefined:undefined":10,"s:121:4:123:Infinity":27,"s:122:6:122:Infinity":28,"f:122:31:122:32":9,"s:122:38:122:55":29,"s:126:4:129:Infinity":30,"f:126:32:126:33":10,"s:127:18:127:Infinity":31,"s:128:6:128:Infinity":32,"b:128:25:128:31:128:31:128:Infinity":11,"s:131:4:131:Infinity":33,"f:140:2:140:18":11,"s:141:4:143:Infinity":34,"f:142:14:142:15":12,"s:142:21:142:46":35,"f:143:12:143:13":13,"s:143:22:143:57":36,"f:152:2:152:21":14,"s:153:20:153:Infinity":37,"b:153:20:153:60:153:60:153:Infinity":12,"s:154:17:154:Infinity":38,"s:155:4:155:Infinity":39,"s:156:4:156:Infinity":40,"f:162:6:162:21":15,"s:163:4:163:Infinity":41,"f:169:2:169:54":16,"s:170:4:170:Infinity":42,"f:176:2:176:16":17,"s:177:5:177:Infinity":43,"s:178:4:178:Infinity":44}}}
,"/home/henry/projects/open-source/Credence-Backend/src/repositories/attestations.repository.ts": {"path":"/home/henry/projects/open-source/Credence-Backend/src/repositories/attestations.repository.ts","statementMap":{"0":{"start":{"line":32,"column":4},"end":{"line":32,"column":null}},"1":{"start":{"line":42,"column":19},"end":{"line":42,"column":null}},"2":{"start":{"line":43,"column":17},"end":{"line":45,"column":null}},"3":{"start":{"line":46,"column":19},"end":{"line":50,"column":null}},"4":{"start":{"line":51,"column":4},"end":{"line":51,"column":null}},"5":{"start":{"line":61,"column":17},"end":{"line":61,"column":null}},"6":{"start":{"line":62,"column":4},"end":{"line":62,"column":null}},"7":{"start":{"line":72,"column":17},"end":{"line":74,"column":null}},"8":{"start":{"line":75,"column":4},"end":{"line":75,"column":null}},"9":{"start":{"line":85,"column":17},"end":{"line":87,"column":null}},"10":{"start":{"line":88,"column":19},"end":{"line":88,"column":null}},"11":{"start":{"line":89,"column":4},"end":{"line":89,"column":null}},"12":{"start":{"line":98,"column":17},"end":{"line":98,"column":null}},"13":{"start":{"line":99,"column":4},"end":{"line":99,"column":null}}},"fnMap":{"0":{"name":"(anonymous_0)","decl":{"start":{"line":31,"column":2},"end":{"line":31,"column":14}},"loc":{"start":{"line":31,"column":37},"end":{"line":33,"column":null}},"line":31},"1":{"name":"(anonymous_1)","decl":{"start":{"line":41,"column":2},"end":{"line":41,"column":9}},"loc":{"start":{"line":41,"column":53},"end":{"line":52,"column":null}},"line":41},"2":{"name":"(anonymous_2)","decl":{"start":{"line":60,"column":2},"end":{"line":60,"column":11}},"loc":{"start":{"line":60,"column":48},"end":{"line":63,"column":null}},"line":60},"3":{"name":"(anonymous_3)","decl":{"start":{"line":71,"column":2},"end":{"line":71,"column":19}},"loc":{"start":{"line":71,"column":54},"end":{"line":76,"column":null}},"line":71},"4":{"name":"(anonymous_4)","decl":{"start":{"line":84,"column":2},"end":{"line":84,"column":9}},"loc":{"start":{"line":84,"column":30},"end":{"line":90,"column":null}},"line":84},"5":{"name":"(anonymous_5)","decl":{"start":{"line":97,"column":2},"end":{"line":97,"column":27}},"loc":{"start":{"line":97,"column":27},"end":{"line":100,"column":null}},"line":97}},"branchMap":{"0":{"loc":{"start":{"line":42,"column":19},"end":{"line":42,"column":null}},"type":"binary-expr","locations":[{"start":{"line":42,"column":19},"end":{"line":42,"column":35}},{"start":{"line":42,"column":35},"end":{"line":42,"column":null}}],"line":42}},"s":{"0":12,"1":12,"2":12,"3":12,"4":12,"5":14,"6":14,"7":5,"8":5,"9":2,"10":2,"11":2,"12":1,"13":1},"f":{"0":12,"1":12,"2":14,"3":5,"4":2,"5":1},"b":{"0":[12,11]},"meta":{"lastBranch":1,"lastFunction":6,"lastStatement":14,"seen":{"f:31:2:31:14":0,"s:32:4:32:Infinity":0,"f:41:2:41:9":1,"s:42:19:42:Infinity":1,"b:42:19:42:35:42:35:42:Infinity":0,"s:43:17:45:Infinity":2,"s:46:19:50:Infinity":3,"s:51:4:51:Infinity":4,"f:60:2:60:11":2,"s:61:17:61:Infinity":5,"s:62:4:62:Infinity":6,"f:71:2:71:19":3,"s:72:17:74:Infinity":7,"s:75:4:75:Infinity":8,"f:84:2:84:9":4,"s:85:17:87:Infinity":9,"s:88:19:88:Infinity":10,"s:89:4:89:Infinity":11,"f:97:2:97:27":5,"s:98:17:98:Infinity":12,"s:99:4:99:Infinity":13}}}
[...]
ne":69},"7":{"loc":{"start":{"line":69,"column":6},"end":{"line":69,"column":29}},"type":"binary-expr","locations":[{"start":{"line":69,"column":6},"end":{"line":69,"column":14}},{"start":{"line":69,"column":14},"end":{"line":69,"column":29}}],"line":69},"8":{"loc":{"start":{"line":78,"column":6},"end":{"line":81,"column":null}},"type":"if","locations":[{"start":{"line":78,"column":6},"end":{"line":81,"column":null}},{"start":{},"end":{}}],"line":78},"9":{"loc":{"start":{"line":82,"column":6},"end":{"line":87,"column":null}},"type":"if","locations":[{"start":{"line":82,"column":6},"end":{"line":87,"column":null}},{"start":{},"end":{}}],"line":82},"10":{"loc":{"start":{"line":106,"column":23},"end":{"line":106,"column":42}},"type":"cond-expr","locations":[{"start":{"line":106,"column":28},"end":{"line":106,"column":35}},{"start":{"line":106,"column":35},"end":{"line":106,"column":42}}],"line":106},"11":{"loc":{"start":{"line":124,"column":2},"end":{"line":124,"column":null}},"type":"if","locations":[{"start":{"line":124,"column":2},"end":{"line":124,"column":null}},{"start":{},"end":{}}],"line":124},"12":{"loc":{"start":{"line":125,"column":2},"end":{"line":125,"column":null}},"type":"if","locations":[{"start":{"line":125,"column":2},"end":{"line":125,"column":null}},{"start":{},"end":{}}],"line":125}},"s":{"0":4,"1":9,"2":9,"3":0,"4":6,"5":6,"6":1,"7":5,"8":5,"9":3,"10":3,"11":2,"12":1,"13":1,"14":1,"15":1,"16":1,"17":1,"18":1,"19":6,"20":6,"21":1,"22":5,"23":5,"24":3,"25":3,"26":2,"27":1,"28":1,"29":1,"30":1,"31":1,"32":1,"33":1,"34":1,"35":3,"36":3,"37":3,"38":2,"39":1,"40":6,"41":6,"42":1,"43":6,"44":1,"45":6},"f":{"0":9,"1":9,"2":0,"3":6,"4":3,"5":6,"6":3,"7":3,"8":3,"9":6},"b":{"0":[6],"1":[1,5],"2":[6,3],"3":[2,1],"4":[1,0],"5":[6],"6":[1,5],"7":[6,3],"8":[2,1],"9":[1,0],"10":[1,1],"11":[1,5],"12":[1,5]},"meta":{"lastBranch":13,"lastFunction":10,"lastStatement":46,"seen":{"s:4:25:4:Infinity":0,"f:6:9:6:24":0,"s:7:2:12:Infinity":1,"f:9:19:9:20":1,"s:10:6:10:Infinity":2,"f:10:17:10:23":2,"s:10:23:10:53":3,"f:27:16:27:Infinity":3,"b:28:28:28:Infinity":0,"s:30:14:30:Infinity":4,"b:31:2:31:Infinity:undefined:undefined:undefined:undefined":1,"s:31:2:31:Infinity":5,"b:31:6:31:14:31:14:31:33":2,"s:31:33:31:Infinity":6,"s:33:39:33:Infinity":7,"s:35:2:50:Infinity":8,"f:35:9:35:21":4,"s:36:4:49:Infinity":9,"b:37:6:40:Infinity:undefined:undefined:undefined:undefined":3,"s:37:6:40:Infinity":10,"s:38:8:38:Infinity":11,"s:39:8:39:Infinity":12,"b:41:6:44:Infinity:undefined:undefined:undefined:undefined":4,"s:41:6:44:Infinity":13,"s:42:14:42:Infinity":14,"s:43:8:43:Infinity":15,"s:45:6:45:Infinity":16,"s:46:6:46:Infinity":17,"s:48:6:48:Infinity":18,"f:65:16:65:Infinity":5,"b:66:31:66:Infinity":5,"s:68:14:68:Infinity":19,"b:69:2:69:Infinity:undefined:undefined:undefined:undefined":6,"s:69:2:69:Infinity":20,"b:69:6:69:14:69:14:69:29":7,"s:69:29:69:Infinity":21,"s:74:13:74:Infinity":22,"s:76:2:93:Infinity":23,"f:76:9:76:21":6,"s:77:4:92:Infinity":24,"b:78:6:81:Infinity:undefined:undefined:undefined:undefined":8,"s:78:6:81:Infinity":25,"s:79:8:79:Infinity":26,"s:80:8:80:Infinity":27,"b:82:6:87:Infinity:undefined:undefined:undefined:undefined":9,"s:82:6:87:Infinity":28,"s:83:24:83:Infinity":29,"s:85:22:85:Infinity":30,"s:86:8:86:Infinity":31,"s:88:6:88:Infinity":32,"s:89:6:89:Infinity":33,"s:91:6:91:Infinity":34,"f:100:16:100:Infinity":7,"s:103:2:110:Infinity":35,"f:103:9:103:21":8,"s:104:4:109:Infinity":36,"s:105:17:105:Infinity":37,"s:106:6:106:Infinity":38,"b:106:28:106:35:106:35:106:42":10,"s:108:6:108:Infinity":39,"f:117:16:117:Infinity":9,"s:123:4:123:Infinity":40,"b:124:2:124:Infinity:undefined:undefined:undefined:undefined":11,"s:124:2:124:Infinity":41,"s:124:32:124:Infinity":42,"b:125:2:125:Infinity:undefined:undefined:undefined:undefined":12,"s:125:2:125:Infinity":43,"s:125:29:125:Infinity":44,"s:126:2:126:Infinity":45}}}
,"/home/henry/projects/open-source/Credence-Backend/src/services/reputation/attestationScore.ts": {"path":"/home/henry/projects/open-source/Credence-Backend/src/services/reputation/attestationScore.ts","statementMap":{"0":{"start":{"line":7,"column":31},"end":{"line":7,"column":null}},"1":{"start":{"line":8,"column":31},"end":{"line":8,"column":null}},"2":{"start":{"line":16,"column":2},"end":{"line":18,"column":null}},"3":{"start":{"line":17,"column":4},"end":{"line":17,"column":null}},"4":{"start":{"line":21,"column":28},"end":{"line":21,"column":null}},"5":{"start":{"line":21,"column":53},"end":{"line":21,"column":62}},"6":{"start":{"line":23,"column":2},"end":{"line":25,"column":null}},"7":{"start":{"line":24,"column":4},"end":{"line":24,"column":null}},"8":{"start":{"line":28,"column":22},"end":{"line":30,"column":null}},"9":{"start":{"line":29,"column":4},"end":{"line":29,"column":null}},"10":{"start":{"line":33,"column":16},"end":{"line":33,"column":null}},"11":{"start":{"line":35,"column":2},"end":{"line":35,"column":null}},"12":{"start":{"line":42,"column":2},"end":{"line":42,"column":null}},"13":{"start":{"line":49,"column":2},"end":{"line":49,"column":null}}},"fnMap":{"0":{"name":"calculateAttestationScore","decl":{"start":{"line":15,"column":16},"end":{"line":15,"column":42}},"loc":{"start":{"line":15,"column":79},"end":{"line":36,"column":null}},"line":15},"1":{"name":"(anonymous_1)","decl":{"start":{"line":21,"column":48},"end":{"line":21,"column":53}},"loc":{"start":{"line":21,"column":53},"end":{"line":21,"column":62}},"line":21},"2":{"name":"(anonymous_2)","decl":{"start":{"line":28,"column":47},"end":{"line":28,"column":48}},"loc":{"start":{"line":28,"column":69},"end":{"line":30,"column":5}},"line":28},"3":{"name":"getMaxAttestationWeight","decl":{"start":{"line":41,"column":16},"end":{"line":41,"column":50}},"loc":{"start":{"line":41,"column":50},"end":{"line":43,"column":null}},"line":41},"4":{"name":"getAttestationMultiplier","decl":{"start":{"line":48,"column":16},"end":{"line":48,"column":51}},"loc":{"start":{"line":48,"column":51},"end":{"line":50,"column":null}},"line":48}},"branchMap":{"0":{"loc":{"start":{"line":16,"column":2},"end":{"line":18,"column":null}},"type":"if","locations":[{"start":{"line":16,"column":2},"end":{"line":18,"column":null}},{"start":{},"end":{}}],"line":16},"1":{"loc":{"start":{"line":16,"column":6},"end":{"line":16,"column":50}},"type":"binary-expr","locations":[{"start":{"line":16,"column":6},"end":{"line":16,"column":23}},{"start":{"line":16,"column":23},"end":{"line":16,"column":50}}],"line":16},"2":{"loc":{"start":{"line":23,"column":2},"end":{"line":25,"column":null}},"type":"if","locations":[{"start":{"line":23,"column":2},"end":{"line":25,"column":null}},{"start":{},"end":{}}],"line":23}},"s":{"0":2,"1":2,"2":46,"3":7,"4":39,"5":1061,"6":39,"7":1,"8":38,"9":1055,"10":38,"11":38,"12":1,"13":1},"f":{"0":46,"1":1061,"2":1055,"3":1,"4":1},"b":{"0":[7,39],"1":[46,44],"2":[1,38]},"meta":{"lastBranch":3,"lastFunction":5,"lastStatement":14,"seen":{"s:7:31:7:Infinity":0,"s:8:31:8:Infinity":1,"f:15:16:15:42":0,"b:16:2:18:Infinity:undefined:undefined:undefined:undefined":0,"s:16:2:18:Infinity":2,"b:16:6:16:23:16:23:16:50":1,"s:17:4:17:Infinity":3,"s:21:28:21:Infinity":4,"f:21:48:21:53":1,"s:21:53:21:62":5,"b:23:2:25:Infinity:undefined:undefined:undefined:undefined":2,"s:23:2:25:Infinity":6,"s:24:4:24:Infinity":7,"s:28:22:30:Infinity":8,"f:28:47:28:48":2,"s:29:4:29:Infinity":9,"s:33:16:33:Infinity":10,"s:35:2:35:Infinity":11,"f:41:16:41:50":3,"s:42:2:42:Infinity":12,"f:48:16:48:51":4,"s:49:2:49:Infinity":13}}}
,"/home/henry/projects/open-source/Credence-Backend/src/services/reputation/bondScore.ts": {"path":"/home/henry/projects/open-source/Credence-Backend/src/services/reputation/bondScore.ts","statementMap":{"0":{"start":{"line":7,"column":24},"end":{"line":7,"column":null}},"1":{"start":{"line":8,"column":23},"end":{"line":8,"column":null}},"2":{"start":{"line":17,"column":2},"end":{"line":19,"column":null}},"3":{"start":{"line":18,"column":4},"end":{"line":18,"column":null}},"4":{"start":{"line":22,"column":2},"end":{"line":24,"column":null}},"5":{"start":{"line":23,"column":4},"end":{"line":23,"column":null}},"6":{"start":{"line":27,"column":16},"end":{"line":27,"column":null}},"7":{"start":{"line":29,"column":2},"end":{"line":29,"column":null}},"8":{"start":{"line":36,"column":2},"end":{"line":36,"column":null}},"9":{"start":{"line":43,"column":2},"end":{"line":43,"column":null}}},"fnMap":{"0":{"name":"calculateBondScore","decl":{"start":{"line":15,"column":16},"end":{"line":15,"column":35}},"loc":{"start":{"line":15,"column":59},"end":{"line":30,"column":null}},"line":15},"1":{"name":"getBondMultiplier","decl":{"start":{"line":35,"column":16},"end":{"line":35,"column":44}},"loc":{"start":{"line":35,"column":44},"end":{"line":37,"column":null}},"line":35},"2":{"name":"getMaxBondScore","decl":{"start":{"line":42,"column":16},"end":{"line":42,"column":42}},"loc":{"start":{"line":42,"column":42},"end":{"line":44,"column":null}},"line":42}},"branchMap":{"0":{"loc":{"start":{"line":17,"column":2},"end":{"line":19,"column":null}},"type":"if","locations":[{"start":{"line":17,"column":2},"end":{"line":19,"column":null}},{"start":{},"end":{}}],"line":17},"1":{"loc":{"start":{"line":22,"column":2},"end":{"line":24,"column":null}},"type":"if","locations":[{"start":{"line":22,"column":2},"end":{"line":24,"column":null}},{"start":{},"end":{}}],"line":22}},"s":{"0":2,"1":2,"2":40,"3":5,"4":35,"5":8,"6":27,"7":27,"8":1,"9":1},"f":{"0":40,"1":1,"2":1},"b":{"0":[5,35],"1":[8,27]},"meta":{"lastBranch":2,"lastFunction":3,"lastStatement":10,"seen":{"s:7:24:7:Infinity":0,"s:8:23:8:Infinity":1,"f:15:16:15:35":0,"b:17:2:19:Infinity:undefined:undefined:undefined:undefined":0,"s:17:2:19:Infinity":2,"s:18:4:18:Infinity":3,"b:22:2:24:Infinity:undefined:undefined:undefined:undefined":1,"s:22:2:24:Infinity":4,"s:23:4:23:Infinity":5,"s:27:16:27:Infinity":6,"s:29:2:29:Infinity":7,"f:35:16:35:44":1,"s:36:2:36:Infinity":8,"f:42:16:42:42":2,"s:43:2:43:Infinity":9}}}
,"/home/henry/projects/open-source/Credence-Backend/src/services/reputation/score.ts": {"path":"/home/henry/projects/open-source/Credence-Backend/src/services/reputation/score.ts","statementMap":{"0":{"start":{"line":20,"column":8},"end":{"line":20,"column":null}},"1":{"start":{"line":21,"column":8},"end":{"line":21,"column":null}},"2":{"start":{"line":22,"column":8},"end":{"line":25,"column":null}},"3":{"start":{"line":28,"column":8},"end":{"line":28,"column":null}},"4":{"start":{"line":30,"column":2},"end":{"line":35,"column":null}},"5":{"start":{"line":48,"column":8},"end":{"line":48,"column":null}},"6":{"start":{"line":49,"column":8},"end":{"line":49,"column":null}},"7":{"start":{"line":50,"column":8},"end":{"line":54,"column":null}},"8":{"start":{"line":56,"column":8},"end":{"line":56,"column":null}},"9":{"start":{"line":58,"column":2},"end":{"line":63,"column":null}}},"fnMap":{"0":{"name":"calculateReputationScore","decl":{"start":{"line":18,"column":16},"end":{"line":18,"column":41}},"loc":{"start":{"line":18,"column":82},"end":{"line":36,"column":null}},"line":18},"1":{"name":"calculateReputationScoreWithCustomDuration","decl":{"start":{"line":44,"column":16},"end":{"line":44,"column":null}},"loc":{"start":{"line":47,"column":19},"end":{"line":64,"column":null}},"line":47}},"branchMap":{},"s":{"0":17,"1":17,"2":17,"3":17,"4":17,"5":3,"6":3,"7":3,"8":3,"9":3},"f":{"0":17,"1":3},"b":{},"meta":{"lastBranch":0,"lastFunction":2,"lastStatement":10,"seen":{"f:18:16:18:41":0,"s:20:8:20:Infinity":0,"s:21:8:21:Infinity":1,"s:22:8:25:Infinity":2,"s:28:8:28:Infinity":3,"s:30:2:35:Infinity":4,"f:44:16:44:Infinity":1,"s:48:8:48:Infinity":5,"s:49:8:49:Infinity":6,"s:50:8:54:Infinity":7,"s:56:8:56:Infinity":8,"s:58:2:63:Infinity":9}}}
,"/home/henry/projects/open-source/Credence-Backend/src/services/reputation/timeWeight.ts": {"path":"/home/henry/projects/open-source/Credence-Backend/src/services/reputation/timeWeight.ts","statementMap":{"0":{"start":{"line":6,"column":24},"end":{"line":6,"column":null}},"1":{"start":{"line":7,"column":19},"end":{"line":7,"column":null}},"2":{"start":{"line":21,"column":2},"end":{"line":23,"column":null}},"3":{"start":{"line":22,"column":4},"end":{"line":22,"column":null}},"4":{"start":{"line":25,"column":2},"end":{"line":27,"column":null}},"5":{"start":{"line":26,"column":4},"end":{"line":26,"column":null}},"6":{"start":{"line":29,"column":19},"end":{"line":29,"column":null}},"7":{"start":{"line":31,"column":2},"end":{"line":33,"column":null}},"8":{"start":{"line":32,"column":4},"end":{"line":32,"column":null}},"9":{"start":{"line":35,"column":2},"end":{"line":37,"column":null}},"10":{"start":{"line":36,"column":4},"end":{"line":36,"column":null}},"11":{"start":{"line":41,"column":25},"end":{"line":41,"column":null}},"12":{"start":{"line":42,"column":17},"end":{"line":42,"column":null}},"13":{"start":{"line":44,"column":2},"end":{"line":44,"column":null}},"14":{"start":{"line":51,"column":2},"end":{"line":51,"column":null}},"15":{"start":{"line":58,"column":2},"end":{"line":58,"column":null}}},"fnMap":{"0":{"name":"calculateTimeWeight","decl":{"start":{"line":16,"column":16},"end":{"line":16,"column":null}},"loc":{"start":{"line":20,"column":10},"end":{"line":45,"column":null}},"line":20},"1":{"name":"getDecayRate","decl":{"start":{"line":50,"column":16},"end":{"line":50,"column":39}},"loc":{"start":{"line":50,"column":39},"end":{"line":52,"column":null}},"line":50},"2":{"name":"getMaxDuration","decl":{"start":{"line":57,"column":16},"end":{"line":57,"column":41}},"loc":{"start":{"line":57,"column":41},"end":{"line":59,"column":null}},"line":57}},"branchMap":{"0":{"loc":{"start":{"line":19,"column":2},"end":{"line":19,"column":null}},"type":"default-arg","locations":[{"start":{"line":19,"column":24},"end":{"line":19,"column":null}}],"line":19},"1":{"loc":{"start":{"line":21,"column":2},"end":{"line":23,"column":null}},"type":"if","locations":[{"start":{"line":21,"column":2},"end":{"line":23,"column":null}},{"start":{},"end":{}}],"line":21},"2":{"loc":{"start":{"line":21,"column":6},"end":{"line":21,"column":42}},"type":"binary-expr","locations":[{"start":{"line":21,"column":6},"end":{"line":21,"column":24}},{"start":{"line":21,"column":24},"end":{"line":21,"column":42}}],"line":21},"3":{"loc":{"start":{"line":25,"column":2},"end":{"line":27,"column":null}},"type":"if","locations":[{"start":{"line":25,"column":2},"end":{"line":27,"column":null}},{"start":{},"end":{}}],"line":25},"4":{"loc":{"start":{"line":31,"column":2},"end":{"line":33,"column":null}},"type":"if","locations":[{"start":{"line":31,"column":2},"end":{"line":33,"column":null}},{"start":{},"end":{}}],"line":31},"5":{"loc":{"start":{"line":35,"column":2},"end":{"line":37,"column":null}},"type":"if","locations":[{"start":{"line":35,"column":2},"end":{"line":37,"column":null}},{"start":{},"end":{}}],"line":35}},"s":{"0":2,"1":2,"2":43,"3":6,"4":37,"5":2,"6":35,"7":35,"8":2,"9":33,"10":22,"11":11,"12":11,"13":11,"14":1,"15":1},"f":{"0":43,"1":1,"2":1},"b":{"0":[43],"1":[6,37],"2":[43,39],"3":[2,35],"4":[2,33],"5":[22,11]},"meta":{"lastBranch":6,"lastFunction":3,"lastStatement":16,"seen":{"s:6:24:6:Infinity":0,"s:7:19:7:Infinity":1,"f:16:16:16:Infinity":0,"b:19:24:19:Infinity":0,"b:21:2:23:Infinity:undefined:undefined:undefined:undefined":1,"s:21:2:23:Infinity":2,"b:21:6:21:24:21:24:21:42":2,"s:22:4:22:Infinity":3,"b:25:2:27:Infinity:undefined:undefined:undefined:undefined":3,"s:25:2:27:Infinity":4,"s:26:4:26:Infinity":5,"s:29:19:29:Infinity":6,"b:31:2:33:Infinity:undefined:undefined:undefined:undefined":4,"s:31:2:33:Infinity":7,"s:32:4:32:Infinity":8,"b:35:2:37:Infinity:undefined:undefined:undefined:undefined":5,"s:35:2:37:Infinity":9,"s:36:4:36:Infinity":10,"s:41:25:41:Infinity":11,"s:42:17:42:Infinity":12,"s:44:2:44:Infinity":13,"f:50:16:50:39":1,"s:51:2:51:Infinity":14,"f:57:16:57:41":2,"s:58:2:58:Infinity":15}}}
,"/home/henry/projects/open-source/Credence-Backend/src/types/governance.ts": {"path":"/home/henry/projects/open-source/Credence-Backend/src/types/governance.ts","statementMap":{"0":{"start":{"line":20,"column":7},"end":{"line":20,"column":null}},"1":{"start":{"line":22,"column":2},"end":{"line":22,"column":null}},"2":{"start":{"line":24,"column":2},"end":{"line":24,"column":null}},"3":{"start":{"line":26,"column":2},"end":{"line":26,"column":null}},"4":{"start":{"line":28,"column":2},"end":{"line":28,"column":null}},"5":{"start":{"line":30,"column":2},"end":{"line":30,"column":null}},"6":{"start":{"line":20,"column":12},"end":{"line":20,"column":null}},"7":{"start":{"line":36,"column":7},"end":{"line":36,"column":null}},"8":{"start":{"line":38,"column":2},"end":{"line":38,"column":null}},"9":{"start":{"line":40,"column":2},"end":{"line":40,"column":null}},"10":{"start":{"line":42,"column":2},"end":{"line":42,"column":null}},"11":{"start":{"line":44,"column":2},"end":{"line":44,"column":null}},"12":{"start":{"line":36,"column":12},"end":{"line":36,"column":null}},"13":{"start":{"line":50,"column":7},"end":{"line":50,"column":null}},"14":{"start":{"line":51,"column":2},"end":{"line":51,"column":null}},"15":{"start":{"line":52,"column":2},"end":{"line":52,"column":null}},"16":{"start":{"line":53,"column":2},"end":{"line":53,"column":null}},"17":{"start":{"line":50,"column":12},"end":{"line":50,"column":null}}},"fnMap":{"0":{"name":"(anonymous_0)","decl":{"start":{"line":20,"column":7},"end":{"line":20,"column":12}},"loc":{"start":{"line":20,"column":7},"end":{"line":20,"column":null}},"line":20},"1":{"name":"(anonymous_1)","decl":{"start":{"line":36,"column":7},"end":{"line":36,"column":12}},"loc":{"start":{"line":36,"column":7},"end":{"line":36,"column":null}},"line":36},"2":{"name":"(anonymous_2)","decl":{"start":{"line":50,"column":7},"end":{"line":50,"column":12}},"loc":{"start":{"line":50,"column":7},"end":{"line":50,"column":null}},"line":50}},"branchMap":{"0":{"loc":{"start":{"line":20,"column":12},"end":{"line":20,"column":null}},"type":"binary-expr","locations":[{"start":{"line":20,"column":12},"end":{"line":20,"column":null}},{"start":{"line":20,"column":12},"end":{"line":20,"column":null}}],"line":20},"1":{"loc":{"start":{"line":36,"column":12},"end":{"line":36,"column":null}},"type":"binary-expr","locations":[{"start":{"line":36,"column":12},"end":{"line":36,"column":null}},{"start":{"line":36,"column":12},"end":{"line":36,"column":null}}],"line":36},"2":{"loc":{"start":{"line":50,"column":12},"end":{"line":50,"column":null}},"type":"binary-expr","locations":[{"start":{"line":50,"column":12},"end":{"line":50,"column":null}},{"start":{"line":50,"column":12},"end":{"line":50,"column":null}}],"line":50}},"s":{"0":6,"1":6,"2":6,"3":6,"4":6,"5":6,"6":6,"7":6,"8":6,"9":6,"10":6,"11":6,"12":6,"13":6,"14":6,"15":6,"16":6,"17":6},"f":{"0":6,"1":6,"2":6},"b":{"0":[6,6],"1":[6,6],"2":[6,6]},"meta":{"lastBranch":3,"lastFunction":3,"lastStatement":18,"seen":{"s:20:7:20:Infinity":0,"f:20:7:20:12":0,"s:22:2:22:Infinity":1,"s:24:2:24:Infinity":2,"s:26:2:26:Infinity":3,"s:28:2:28:Infinity":4,"s:30:2:30:Infinity":5,"s:20:12:20:Infinity":6,"b:20:12:20:Infinity:20:12:20:Infinity":0,"s:36:7:36:Infinity":7,"f:36:7:36:12":1,"s:38:2:38:Infinity":8,"s:40:2:40:Infinity":9,"s:42:2:42:Infinity":10,"s:44:2:44:Infinity":11,"s:36:12:36:Infinity":12,"b:36:12:36:Infinity:36:12:36:Infinity":1,"s:50:7:50:Infinity":13,"f:50:7:50:12":2,"s:51:2:51:Infinity":14,"s:52:2:52:Infinity":15,"s:53:2:53:Infinity":16,"s:50:12:50:Infinity":17,"b:50:12:50:Infinity:50:12:50:Infinity":2}}}
,"/home/henry/projects/open-source/Credence-Backend/src/types/rbac.ts": {"path":"/home/henry/projects/open-source/Credence-Backend/src/types/rbac.ts","statementMap":{"0":{"start":{"line":17,"column":52},"end":{"line":22,"column":null}},"1":{"start":{"line":25,"column":33},"end":{"line":25,"column":null}}},"fnMap":{},"branchMap":{},"s":{"0":1,"1":1},"f":{},"b":{},"meta":{"lastBranch":0,"lastFunction":0,"lastStatement":2,"seen":{"s:17:52:22:Infinity":0,"s:25:33:25:Infinity":1}}}
}
