TN:
SF:src/jobs/scheduler.ts
FN:39,(anonymous_0)
FN:45,(anonymous_1)
FN:51,(anonymous_2)
FN:63,(anonymous_3)
FN:71,(anonymous_4)
FN:82,(anonymous_5)
FN:89,(anonymous_6)
FN:121,parseCronToInterval
FN:155,createScheduler
FNF:9
FNH:9
FNDA:12,(anonymous_0)
FNDA:22,(anonymous_1)
FNDA:12,(anonymous_2)
FNDA:4,(anonymous_3)
FNDA:13,(anonymous_4)
FNDA:5,(anonymous_5)
FNDA:8,(anonymous_6)
FNDA:8,parseCronToInterval
FNDA:3,createScheduler
DA:33,12
DA:34,12
DA:40,12
DA:43,12
DA:44,12
DA:45,12
DA:52,12
DA:53,1
DA:54,1
DA:57,11
DA:59,11
DA:60,4
DA:63,11
DA:64,4
DA:72,13
DA:73,11
DA:74,11
DA:75,11
DA:83,5
DA:90,8
DA:91,1
DA:92,1
DA:95,7
DA:97,7
DA:98,7
DA:99,6
DA:101,1
DA:102,1
DA:104,7
DA:122,8
DA:124,8
DA:125,1
DA:128,7
DA:131,7
DA:132,1
DA:136,6
DA:137,4
DA:141,2
DA:142,1
DA:145,1
DA:159,3
DA:160,3
DA:162,3
LF:43
LH:43
BRDA:44,0,0,12
BRDA:44,0,1,7
BRDA:45,1,0,12
BRDA:45,1,1,22
BRDA:52,2,0,1
BRDA:52,2,1,11
BRDA:59,3,0,4
BRDA:59,3,1,7
BRDA:72,4,0,11
BRDA:72,4,1,2
BRDA:90,5,0,1
BRDA:90,5,1,7
BRDA:101,6,0,1
BRDA:101,6,1,0
BRDA:124,7,0,1
BRDA:124,7,1,7
BRDA:131,8,0,1
BRDA:131,8,1,6
BRDA:131,9,0,7
BRDA:131,9,1,1
BRDA:136,10,0,4
BRDA:136,10,1,2
BRDA:136,11,0,6
BRDA:136,11,1,5
BRDA:141,12,0,1
BRDA:141,12,1,1
BRDA:141,13,0,2
BRDA:141,13,1,1
BRDA:157,14,0,3
BRDA:159,15,0,3
BRDA:159,15,1,1
BRF:31
BRH:30
end_of_record
TN:
SF:src/jobs/scoreComputer.ts
FN:15,computeScore
FNF:1
FNH:1
FNDA:10,computeScore
DA:16,10
DA:17,1
DA:21,9
DA:22,9
DA:23,9
DA:26,9
DA:27,9
DA:30,9
DA:31,9
DA:32,9
DA:34,9
LF:11
LH:11
BRDA:16,0,0,1
BRDA:16,0,1,9
BRF:2
BRH:2
end_of_record
TN:
SF:src/jobs/scoreSnapshot.ts
FN:42,(anonymous_0)
FN:50,(anonymous_1)
FN:58,(anonymous_2)
FN:159,createScoreSnapshotJob
FNF:4
FNH:4
FNDA:14,(anonymous_0)
FNDA:68,(anonymous_1)
FNDA:13,(anonymous_2)
FNDA:1,createScoreSnapshotJob
DA:43,14
DA:44,14
DA:45,14
DA:48,14
DA:49,14
DA:50,14
DA:59,13
DA:60,13
DA:62,13
DA:64,13
DA:65,13
DA:66,13
DA:68,13
DA:69,13
DA:70,13
DA:73,13
DA:74,16
DA:75,16
DA:76,16
DA:78,16
DA:80,16
DA:82,16
DA:83,284
DA:84,284
DA:86,282
DA:87,1
DA:88,1
DA:89,1
DA:92,281
DA:93,281
DA:101,281
DA:102,281
DA:104,2
DA:105,2
DA:106,2
DA:108,2
DA:109,1
DA:115,15
DA:116,15
DA:117,15
DA:118,14
DA:119,14
DA:121,1
DA:122,1
DA:123,1
DA:125,1
DA:126,0
DA:132,1
DA:133,1
DA:134,1
DA:137,12
DA:138,12
DA:140,12
DA:165,1
LF:54
LH:53
BRDA:46,0,0,14
BRDA:48,1,0,14
BRDA:48,1,1,12
BRDA:49,2,0,14
BRDA:49,2,1,11
BRDA:50,3,0,14
BRDA:50,3,1,68
BRDA:86,4,0,1
BRDA:86,4,1,281
BRDA:105,5,0,2
BRDA:105,5,1,0
BRDA:108,6,0,1
BRDA:108,6,1,1
BRDA:115,7,0,15
BRDA:115,7,1,0
BRDA:122,8,0,1
BRDA:122,8,1,0
BRDA:125,9,0,0
BRDA:125,9,1,1
BRDA:132,10,0,1
BRDA:132,10,1,0
BRF:21
BRH:16
end_of_record
TN:
SF:src/lib/pagination.ts
FN:30,getPaginationParams
FN:66,buildPaginatedResponse
FNF:2
FNH:2
FNDA:8,getPaginationParams
FNDA:5,buildPaginatedResponse
DA:35,8
DA:36,8
DA:38,8
DA:39,5
DA:40,5
DA:41,3
DA:46,8
DA:47,8
DA:48,4
DA:49,4
DA:50,2
DA:54,8
DA:76,5
DA:77,5
DA:79,5
LF:15
LH:15
BRDA:32,0,0,8
BRDA:33,1,0,8
BRDA:38,2,0,5
BRDA:38,2,1,3
BRDA:40,3,0,3
BRDA:40,3,1,2
BRDA:40,4,0,5
BRDA:40,4,1,4
BRDA:46,5,0,8
BRDA:46,5,1,5
BRDA:47,6,0,4
BRDA:47,6,1,4
BRDA:49,7,0,2
BRDA:49,7,1,2
BRDA:49,8,0,4
BRDA:49,8,1,3
BRDA:77,9,0,3
BRDA:77,9,1,2
BRDA:84,10,0,1
BRDA:84,10,1,4
BRF:20
BRH:20
end_of_record
TN:
SF:src/listeners/horizon.listeners.ts
FN:14,(anonymous_0)
FN:16,(anonymous_1)
FNF:2
FNH:2
FNDA:8,(anonymous_0)
FNDA:8,(anonymous_1)
DA:14,8
DA:17,8
DA:18,1
DA:21,7
DA:22,7
DA:24,3
DA:25,2
DA:26,1
DA:28,2
DA:29,1
DA:30,1
DA:32,1
DA:33,1
DA:35,1
DA:36,1
DA:39,3
LF:16
LH:16
BRDA:14,0,0,8
BRDA:17,1,0,1
BRDA:17,1,1,7
BRDA:17,2,0,8
BRDA:17,2,1,7
BRDA:22,3,0,7
BRDA:22,3,1,2
BRDA:22,3,2,1
BRDA:22,3,3,1
BRDA:24,4,0,1
BRDA:24,4,1,2
BRDA:28,5,0,1
BRDA:28,5,1,1
BRF:13
BRH:13
end_of_record
TN:
SF:src/listeners/horizonBondEvents.ts
FN:17,subscribeBondCreationEvents
FN:21,(anonymous_1)
FN:26,(anonymous_2)
FN:35,(anonymous_3)
FN:37,(anonymous_4)
FN:55,parseBondEvent
FNF:6
FNH:4
FNDA:3,subscribeBondCreationEvents
FNDA:3,(anonymous_1)
FNDA:4,(anonymous_2)
FNDA:0,(anonymous_3)
FNDA:0,(anonymous_4)
FNDA:3,parseBondEvent
DA:10,1
DA:11,1
DA:19,3
DA:21,3
DA:22,3
DA:27,4
DA:28,4
DA:29,3
DA:30,3
DA:31,3
DA:32,3
DA:36,0
DA:37,0
DA:38,0
DA:43,3
DA:57,3
LF:16
LH:13
BRDA:10,0,0,1
BRDA:10,0,1,1
BRDA:28,1,0,3
BRDA:28,1,1,1
BRDA:32,2,0,3
BRDA:32,2,1,0
BRDA:65,3,0,3
BRDA:65,3,1,0
BRF:8
BRH:6
end_of_record
TN:
SF:src/listeners/identityStateSync.ts
FN:25,statesEqual
FN:42,(anonymous_1)
FN:52,(anonymous_2)
FN:73,(anonymous_3)
FN:101,createIdentityStateSync
FNF:5
FNH:5
FNDA:11,statesEqual
FNDA:11,(anonymous_1)
FNDA:14,(anonymous_2)
FNDA:5,(anonymous_3)
FNDA:1,createIdentityStateSync
DA:26,11
DA:27,11
DA:28,9
DA:43,11
DA:44,11
DA:53,14
DA:54,14
DA:55,13
DA:56,2
DA:58,11
DA:59,11
DA:60,5
DA:62,6
DA:63,6
DA:65,1
DA:74,5
DA:75,5
DA:78,5
DA:79,5
DA:80,5
DA:81,5
DA:82,9
DA:83,9
DA:84,9
DA:86,5
DA:105,1
LF:26
LH:26
BRDA:26,0,0,0
BRDA:26,0,1,11
BRDA:26,1,0,11
BRDA:26,1,1,0
BRDA:27,2,0,2
BRDA:27,2,1,9
BRDA:27,3,0,11
BRDA:27,3,1,11
BRDA:29,4,0,9
BRDA:29,4,1,9
BRDA:29,4,2,5
BRDA:29,4,3,5
BRDA:29,4,4,5
BRDA:55,5,0,2
BRDA:55,5,1,11
BRDA:59,6,0,5
BRDA:59,6,1,6
BRDA:75,7,0,4
BRDA:75,7,1,1
BRDA:84,8,0,4
BRDA:84,8,1,5
BRF:21
BRH:19
end_of_record
TN:
SF:src/middleware/auth.ts
FN:6,(anonymous_0)
FN:41,requireApiKey
FN:42,(anonymous_2)
FNF:3
FNH:3
FNDA:4,(anonymous_0)
FNDA:14,requireApiKey
FNDA:29,(anonymous_2)
DA:6,4
DA:7,4
DA:8,4
DA:25,4
DA:42,14
DA:43,29
DA:45,29
DA:46,3
DA:50,3
DA:53,26
DA:55,26
DA:56,3
DA:60,3
DA:64,23
DA:65,2
DA:69,2
DA:73,21
DA:74,21
LF:18
LH:18
BRDA:6,0,0,4
BRDA:6,0,1,4
BRDA:45,1,0,3
BRDA:45,1,1,26
BRDA:55,2,0,3
BRDA:55,2,1,23
BRDA:64,3,0,2
BRDA:64,3,1,21
BRDA:64,4,0,23
BRDA:64,4,1,20
BRF:10
BRH:10
end_of_record
TN:
SF:src/middleware/rbac.ts
FN:10,logDenial
FN:32,resolveUser
FN:56,requireRole
FN:57,(anonymous_3)
FN:83,requireMinRole
FN:84,(anonymous_5)
FN:109,requireAnyRole
FN:110,(anonymous_7)
FNF:8
FNH:8
FNDA:12,logDenial
FNDA:29,resolveUser
FNDA:6,requireRole
FNDA:7,(anonymous_3)
FNDA:17,requireMinRole
FNDA:17,(anonymous_5)
FNDA:5,requireAnyRole
FNDA:5,(anonymous_7)
DA:15,12
DA:25,12
DA:36,29
DA:37,29
DA:38,3
DA:39,3
DA:40,3
DA:42,26
DA:57,6
DA:58,7
DA:59,7
DA:61,6
DA:62,3
DA:63,3
DA:68,3
DA:71,3
DA:84,17
DA:85,17
DA:86,17
DA:88,16
DA:89,6
DA:90,6
DA:95,6
DA:98,10
DA:110,5
DA:111,5
DA:112,5
DA:113,4
LF:28
LH:28
BRDA:20,0,0,12
BRDA:20,0,1,3
BRDA:21,1,0,12
BRDA:21,1,1,3
BRDA:22,2,0,12
BRDA:22,2,1,3
BRDA:37,3,0,3
BRDA:37,3,1,26
BRDA:59,4,0,1
BRDA:59,4,1,6
BRDA:61,5,0,3
BRDA:61,5,1,3
BRDA:86,6,0,1
BRDA:86,6,1,16
BRDA:88,7,0,6
BRDA:88,7,1,10
BRDA:112,8,0,1
BRDA:112,8,1,4
BRF:18
BRH:18
end_of_record
TN:
SF:src/middleware/requestId.ts
FN:7,(anonymous_0)
FNF:1
FNH:1
FNDA:2,(anonymous_0)
DA:7,1
DA:13,2
DA:16,2
DA:19,2
DA:20,2
DA:23,2
DA:24,2
DA:26,2
LF:8
LH:8
BRDA:13,0,0,2
BRDA:13,0,1,1
BRF:2
BRH:2
end_of_record
TN:
SF:src/middleware/validate.ts
FN:41,formatZodErrors
FN:43,(anonymous_1)
FN:66,validate
FN:71,(anonymous_3)
FNF:4
FNH:4
FNDA:16,formatZodErrors
FNDA:16,(anonymous_1)
FNDA:21,validate
FNDA:27,(anonymous_3)
DA:42,16
DA:43,16
DA:69,21
DA:71,21
DA:72,27
DA:73,27
DA:75,27
DA:76,18
DA:77,18
DA:78,9
DA:80,9
DA:84,27
DA:85,7
DA:86,7
DA:87,5
DA:89,2
DA:93,27
DA:94,8
DA:95,8
DA:96,3
DA:98,5
DA:102,27
DA:103,15
DA:107,15
DA:110,12
DA:111,12
LF:26
LH:26
BRDA:42,0,0,16
BRDA:42,0,1,0
BRDA:44,1,0,16
BRDA:44,1,1,0
BRDA:75,2,0,18
BRDA:75,2,1,9
BRDA:77,3,0,9
BRDA:77,3,1,9
BRDA:84,4,0,7
BRDA:84,4,1,20
BRDA:86,5,0,5
BRDA:86,5,1,2
BRDA:93,6,0,8
BRDA:93,6,1,19
BRDA:95,7,0,3
BRDA:95,7,1,5
BRDA:102,8,0,15
BRDA:102,8,1,12
BRF:18
BRH:16
end_of_record
TN:
SF:src/repositories/arbitrationLogRepository.ts
FN:53,(anonymous_0)
FN:58,(anonymous_1)
FN:79,(anonymous_2)
FN:80,(anonymous_3)
FN:91,(anonymous_4)
FN:105,(anonymous_5)
FN:109,(anonymous_6)
FN:114,(anonymous_7)
FN:118,(anonymous_8)
FN:122,(anonymous_9)
FN:126,(anonymous_10)
FN:140,(anonymous_11)
FN:142,(anonymous_12)
FN:143,(anonymous_13)
FN:152,(anonymous_14)
FN:162,(anonymous_15)
FN:169,(anonymous_16)
FN:176,(anonymous_17)
FNF:18
FNH:18
FNDA:137,(anonymous_0)
FNDA:185,(anonymous_1)
FNDA:6,(anonymous_2)
FNDA:3,(anonymous_3)
FNDA:23,(anonymous_4)
FNDA:15,(anonymous_5)
FNDA:16,(anonymous_6)
FNDA:20,(anonymous_7)
FNDA:10,(anonymous_8)
FNDA:9,(anonymous_9)
FNDA:40,(anonymous_10)
FNDA:8,(anonymous_11)
FNDA:19,(anonymous_12)
FNDA:13,(anonymous_13)
FNDA:69,(anonymous_14)
FNDA:8,(anonymous_15)
FNDA:2,(anonymous_16)
FNDA:2,(anonymous_17)
DA:32,63
DA:38,63
DA:54,137
DA:55,1
DA:58,185
DA:59,1
DA:64,135
DA:65,135
DA:66,135
DA:80,6
DA:100,23
DA:102,23
DA:104,23
DA:105,15
DA:108,23
DA:109,16
DA:112,23
DA:113,5
DA:114,20
DA:117,23
DA:118,10
DA:121,23
DA:122,9
DA:126,23
DA:127,40
DA:128,40
DA:131,23
DA:141,8
DA:142,19
DA:143,13
DA:153,69
DA:154,69
DA:155,69
DA:156,69
DA:163,8
DA:170,2
DA:177,2
DA:178,2
LF:38
LH:38
BRDA:54,0,0,1
BRDA:54,0,1,136
BRDA:58,1,0,1
BRDA:58,1,1,135
BRDA:91,2,0,23
BRDA:98,3,0,23
BRDA:99,4,0,23
BRDA:104,5,0,5
BRDA:104,5,1,18
BRDA:108,6,0,4
BRDA:108,6,1,19
BRDA:112,7,0,5
BRDA:112,7,1,18
BRDA:112,8,0,23
BRDA:112,8,1,5
BRDA:117,9,0,2
BRDA:117,9,1,21
BRDA:121,10,0,2
BRDA:121,10,1,21
BRDA:128,11,0,38
BRDA:128,11,1,2
BRDA:153,12,0,69
BRDA:153,12,1,37
BRF:23
BRH:23
end_of_record
TN:
SF:src/repositories/attestations.repository.ts
FN:31,(anonymous_0)
FN:41,(anonymous_1)
FN:60,(anonymous_2)
FN:71,(anonymous_3)
FN:84,(anonymous_4)
FN:97,(anonymous_5)
FNF:6
FNH:6
FNDA:12,(anonymous_0)
FNDA:12,(anonymous_1)
FNDA:14,(anonymous_2)
FNDA:5,(anonymous_3)
FNDA:2,(anonymous_4)
FNDA:1,(anonymous_5)
DA:32,12
DA:42,12
DA:43,12
DA:46,12
DA:51,12
DA:61,14
DA:62,14
DA:72,5
DA:75,5
DA:85,2
DA:88,2
DA:89,2
DA:98,1
DA:99,1
LF:14
LH:14
BRDA:42,0,0,12
BRDA:42,0,1,11
BRF:2
BRH:2
end_of_record
TN:
SF:src/repositories/identities.repository.ts
FN:25,(anonymous_0)
FN:35,(anonymous_1)
FN:49,(anonymous_2)
FN:60,(anonymous_3)
FN:70,(anonymous_4)
FNF:5
FNH:3
FNDA:22,(anonymous_0)
FNDA:22,(anonymous_1)
FNDA:22,(anonymous_2)
FNDA:0,(anonymous_3)
FNDA:0,(anonymous_4)
DA:26,22
DA:36,22
DA:39,22
DA:40,22
DA:50,22
DA:51,22
DA:61,0
DA:62,0
DA:71,0
DA:72,0
LF:10
LH:6
BRF:0
BRH:0
end_of_record
TN:
SF:src/repositories/slashEvents.repository.ts
FN:32,(anonymous_0)
FN:42,(anonymous_1)
FN:61,(anonymous_2)
FN:72,(anonymous_3)
FN:84,(anonymous_4)
FNF:5
FNH:5
FNDA:10,(anonymous_0)
FNDA:10,(anonymous_1)
FNDA:11,(anonymous_2)
FNDA:4,(anonymous_3)
FNDA:1,(anonymous_4)
DA:33,10
DA:43,10
DA:46,10
DA:52,10
DA:62,11
DA:63,11
DA:73,4
DA:76,4
DA:85,1
DA:86,1
LF:10
LH:10
BRDA:50,0,0,10
BRDA:50,0,1,9
BRF:2
BRH:2
end_of_record
TN:
SF:src/routes/bond.ts
FN:12,createBondRouter
FN:21,(anonymous_1)
FNF:2
FNH:2
FNDA:13,createBondRouter
FNDA:10,(anonymous_1)
DA:13,13
DA:21,13
DA:22,10
DA:24,10
DA:25,4
DA:29,4
DA:32,6
DA:34,6
DA:35,2
DA:38,2
DA:41,4
DA:51,13
LF:12
LH:12
BRDA:24,0,0,4
BRDA:24,0,1,6
BRDA:34,1,0,2
BRDA:34,1,1,4
BRF:4
BRH:4
end_of_record
TN:
SF:src/routes/bulk.ts
FN:116,(anonymous_0)
FN:151,(anonymous_1)
FNF:2
FNH:2
FNDA:15,(anonymous_0)
FNDA:121,(anonymous_1)
DA:5,3
DA:6,3
DA:11,3
DA:113,3
DA:117,15
DA:118,15
DA:121,15
DA:122,2
DA:126,2
DA:130,13
DA:131,1
DA:137,1
DA:140,12
DA:141,1
DA:147,1
DA:151,121
DA:152,1
DA:156,1
DA:160,10
DA:163,10
DA:166,10
DA:178,0
DA:179,0
LF:23
LH:21
BRDA:121,0,0,2
BRDA:121,0,1,13
BRDA:121,1,0,15
BRDA:121,1,1,14
BRDA:130,2,0,1
BRDA:130,2,1,12
BRDA:140,3,0,1
BRDA:140,3,1,11
BRDA:151,4,0,1
BRDA:151,4,1,10
BRF:10
BRH:10
end_of_record
TN:
SF:src/routes/governance.ts
FN:39,createGovernanceRouter
FN:51,(anonymous_1)
FN:69,(anonymous_2)
FN:88,(anonymous_3)
FN:106,(anonymous_4)
FN:124,(anonymous_5)
FN:146,(anonymous_6)
FN:154,(anonymous_7)
FN:169,(anonymous_8)
FN:176,(anonymous_9)
FN:177,(anonymous_10)
FNF:11
FNH:11
FNDA:16,createGovernanceRouter
FNDA:15,(anonymous_1)
FNDA:1,(anonymous_2)
FNDA:3,(anonymous_3)
FNDA:1,(anonymous_4)
FNDA:1,(anonymous_5)
FNDA:2,(anonymous_6)
FNDA:2,(anonymous_7)
FNDA:4,(anonymous_8)
FNDA:1,(anonymous_9)
FNDA:1,(anonymous_10)
DA:42,16
DA:49,16
DA:52,15
DA:54,15
DA:55,15
DA:57,15
DA:62,15
DA:67,16
DA:70,1
DA:72,1
DA:74,1
DA:76,1
DA:81,1
DA:86,16
DA:89,3
DA:91,3
DA:92,3
DA:94,3
DA:99,3
DA:104,16
DA:107,1
DA:109,1
DA:110,1
DA:112,1
DA:117,1
DA:122,16
DA:125,1
DA:127,1
DA:128,1
DA:130,1
DA:135,1
DA:144,16
DA:147,2
DA:148,2
DA:149,2
DA:154,16
DA:155,2
DA:156,2
DA:157,1
DA:158,1
DA:160,1
DA:169,16
DA:170,4
DA:171,4
DA:172,4
DA:173,4
DA:174,1
DA:175,1
DA:176,1
DA:177,1
DA:178,1
DA:179,1
DA:182,4
DA:183,4
DA:184,4
DA:185,1
DA:186,1
DA:187,0
DA:188,0
DA:190,1
DA:192,4
DA:193,1
DA:194,1
DA:195,0
DA:196,0
DA:198,1
DA:201,4
DA:202,4
DA:205,16
LF:69
LH:65
BRDA:55,0,0,15
BRDA:55,0,1,15
BRDA:74,1,0,1
BRDA:74,1,1,1
BRDA:92,2,0,3
BRDA:92,2,1,3
BRDA:156,3,0,1
BRDA:156,3,1,1
BRDA:171,4,0,1
BRDA:171,4,1,3
BRDA:172,5,0,0
BRDA:172,5,1,4
BRDA:173,6,0,1
BRDA:173,6,1,3
BRDA:178,7,0,1
BRDA:178,7,1,0
BRDA:182,8,0,0
BRDA:182,8,1,4
BRDA:183,9,0,0
BRDA:183,9,1,4
BRDA:184,10,0,1
BRDA:184,10,1,3
BRDA:186,11,0,0
BRDA:186,11,1,1
BRDA:186,12,0,1
BRDA:186,12,1,1
BRDA:192,13,0,1
BRDA:192,13,1,3
BRDA:194,14,0,0
BRDA:194,14,1,1
BRDA:194,15,0,1
BRDA:194,15,1,1
BRF:32
BRH:26
end_of_record
TN:
SF:src/routes/health.ts
FN:24,createHealthRouter
FN:27,(anonymous_1)
FN:37,(anonymous_2)
FN:44,(anonymous_3)
FN:53,(anonymous_4)
FNF:5
FNH:5
FNDA:11,createHealthRouter
FNDA:9,(anonymous_1)
FNDA:8,(anonymous_2)
FNDA:1,(anonymous_3)
FNDA:1,(anonymous_4)
DA:25,11
DA:27,9
DA:37,11
DA:38,8
DA:39,8
DA:40,8
DA:44,11
DA:45,1
DA:46,1
DA:47,1
DA:53,11
DA:54,1
DA:60,11
LF:13
LH:13
BRDA:24,0,0,11
BRDA:39,1,0,3
BRDA:39,1,1,5
BRDA:46,2,0,1
BRDA:46,2,1,0
BRF:5
BRH:4
end_of_record
TN:
SF:src/schemas/address.ts
FNF:0
FNH:0
DA:7,7
LF:1
LH:1
BRF:0
BRH:0
end_of_record
TN:
SF:src/schemas/attestations.ts
FNF:0
FNH:0
DA:7,4
DA:14,4
DA:24,4
LF:3
LH:3
BRF:0
BRH:0
end_of_record
TN:
SF:src/schemas/bond.ts
FNF:0
FNH:0
DA:7,4
DA:14,4
LF:2
LH:2
BRF:0
BRH:0
end_of_record
TN:
SF:src/schemas/trust.ts
FNF:0
FNH:0
DA:7,4
DA:14,4
LF:2
LH:2
BRF:0
BRH:0
end_of_record
TN:
SF:src/sdk/client.ts
FN:17,(anonymous_0)
FN:29,(anonymous_1)
FN:36,(anonymous_2)
FN:43,(anonymous_3)
FN:50,(anonymous_4)
FN:54,(anonymous_5)
FN:64,(anonymous_6)
FNF:7
FNH:6
FNDA:24,(anonymous_0)
FNDA:10,(anonymous_1)
FNDA:2,(anonymous_2)
FNDA:3,(anonymous_3)
FNDA:4,(anonymous_4)
FNDA:19,(anonymous_5)
FNDA:0,(anonymous_6)
DA:10,1
DA:18,24
DA:19,1
DA:21,23
DA:22,23
DA:23,23
DA:30,10
DA:37,2
DA:44,3
DA:51,4
DA:55,19
DA:56,19
DA:59,19
DA:60,1
DA:63,19
DA:64,19
DA:67,19
DA:68,19
DA:74,5
DA:75,1
DA:77,4
DA:78,1
DA:80,3
DA:86,19
DA:89,14
DA:91,14
DA:92,4
DA:99,10
DA:100,10
DA:102,1
LF:30
LH:30
BRDA:18,0,0,1
BRDA:18,0,1,23
BRDA:23,1,0,23
BRDA:23,1,1,22
BRDA:59,2,0,1
BRDA:59,2,1,18
BRDA:74,3,0,1
BRDA:74,3,1,4
BRDA:74,4,0,5
BRDA:74,4,1,1
BRDA:77,5,0,1
BRDA:77,5,1,3
BRDA:77,6,0,4
BRDA:77,6,1,3
BRDA:81,7,0,2
BRDA:81,7,1,1
BRDA:91,8,0,4
BRDA:91,8,1,10
BRF:18
BRH:18
end_of_record
TN:
SF:src/sdk/types.ts
FN:48,(anonymous_0)
FNF:1
FNH:1
FNDA:10,(anonymous_0)
DA:49,10
DA:50,10
DA:51,10
DA:52,10
LF:4
LH:4
BRF:0
BRH:0
end_of_record
TN:
SF:src/services/apiKeys.ts
FN:33,hashKey
FN:38,extractPrefix
FN:50,generateApiKey
FN:82,validateApiKey
FN:103,revokeApiKey
FN:114,rotateApiKey
FN:125,listApiKeys
FN:127,(anonymous_7)
FN:128,(anonymous_8)
FN:132,_resetStore
FNF:10
FNH:10
FNDA:33,hashKey
FNDA:33,extractPrefix
FNDA:26,generateApiKey
FNDA:13,validateApiKey
FNDA:7,revokeApiKey
FNDA:6,rotateApiKey
FNDA:4,listApiKeys
FNDA:6,(anonymous_7)
FNDA:5,(anonymous_8)
FNDA:23,_resetStore
DA:31,4
DA:34,33
DA:39,33
DA:55,26
DA:56,26
DA:57,26
DA:58,26
DA:60,26
DA:72,26
DA:73,26
DA:83,13
DA:85,7
DA:86,7
DA:88,7
DA:89,7
DA:90,6
DA:91,3
DA:92,3
DA:95,1
DA:104,7
DA:105,7
DA:106,6
DA:107,6
DA:115,6
DA:116,6
DA:118,4
DA:119,4
DA:126,4
DA:127,6
DA:128,5
DA:133,23
LF:31
LH:31
BRDA:52,0,0,26
BRDA:53,1,0,26
BRDA:83,2,0,6
BRDA:83,2,1,7
BRDA:89,3,0,6
BRDA:89,3,1,1
BRDA:89,4,0,7
BRDA:89,4,1,6
BRDA:90,5,0,3
BRDA:90,5,1,3
BRDA:105,6,0,1
BRDA:105,6,1,6
BRDA:116,7,0,2
BRDA:116,7,1,4
BRDA:116,8,0,6
BRDA:116,8,1,5
BRF:16
BRH:16
end_of_record
TN:
SF:src/services/identityService.ts
FN:37,(anonymous_0)
FN:72,(anonymous_1)
FN:83,(anonymous_2)
FN:107,(anonymous_3)
FN:118,(anonymous_4)
FN:119,(anonymous_5)
FNF:6
FNH:6
FNDA:150,(anonymous_0)
FNDA:16,(anonymous_1)
FNDA:140,(anonymous_2)
FNDA:150,(anonymous_3)
FNDA:26,(anonymous_4)
FNDA:26,(anonymous_5)
DA:39,150
DA:40,124
DA:44,26
DA:47,26
DA:48,26
DA:49,26
DA:51,150
DA:78,16
DA:79,16
DA:82,16
DA:84,140
DA:85,140
DA:86,23
DA:88,117
DA:97,16
DA:109,150
DA:110,150
DA:119,26
LF:18
LH:18
BRDA:39,0,0,124
BRDA:39,0,1,26
BRDA:49,1,0,14
BRDA:49,1,1,12
BRDA:56,2,0,14
BRDA:56,2,1,12
BRDA:57,3,0,14
BRDA:57,3,1,12
BRDA:91,4,0,117
BRDA:91,4,1,0
BRF:10
BRH:9
end_of_record
TN:
SF:src/services/roles.ts
FN:28,(anonymous_0)
FN:36,(anonymous_1)
FN:47,(anonymous_2)
FN:55,(anonymous_3)
FN:62,(anonymous_4)
FN:70,(anonymous_5)
FNF:6
FNH:6
FNDA:10,(anonymous_0)
FNDA:11,(anonymous_1)
FNDA:2,(anonymous_2)
FNDA:4,(anonymous_3)
FNDA:2,(anonymous_4)
FNDA:13,(anonymous_5)
DA:11,1
DA:29,10
DA:37,11
DA:38,1
DA:40,10
DA:48,2
DA:56,4
DA:63,2
DA:71,13
DA:75,1
LF:10
LH:10
BRDA:29,0,0,10
BRDA:29,0,1,4
BRDA:37,1,0,1
BRDA:37,1,1,10
BRF:4
BRH:4
end_of_record
TN:
SF:src/services/bond/bondService.ts
FN:18,(anonymous_0)
FN:26,(anonymous_1)
FN:36,(anonymous_2)
FNF:3
FNH:3
FNDA:25,(anonymous_0)
FNDA:18,(anonymous_1)
FNDA:10,(anonymous_2)
DA:9,5
DA:18,25
DA:27,18
DA:37,10
LF:4
LH:4
BRF:0
BRH:0
end_of_record
TN:
SF:src/services/bond/bondStore.ts
FN:21,(anonymous_0)
FN:30,(anonymous_1)
FN:42,(anonymous_2)
FN:52,(anonymous_3)
FNF:4
FNH:4
FNDA:15,(anonymous_0)
FNDA:14,(anonymous_1)
FNDA:1,(anonymous_2)
FNDA:2,(anonymous_3)
DA:13,32
DA:22,15
DA:31,14
DA:43,1
DA:53,2
LF:5
LH:5
BRDA:22,0,0,15
BRDA:22,0,1,5
BRF:2
BRH:2
end_of_record
TN:
SF:src/services/evidence/storage.ts
FN:25,(anonymous_0)
FN:40,(anonymous_1)
FN:74,(anonymous_2)
FN:102,(anonymous_3)
FNF:4
FNH:4
FNDA:2,(anonymous_0)
FNDA:3,(anonymous_1)
FNDA:4,(anonymous_2)
FNDA:4,(anonymous_3)
DA:15,1
DA:22,2
DA:26,2
DA:27,2
DA:28,1
DA:30,1
DA:45,3
DA:46,3
DA:48,3
DA:49,3
DA:50,3
DA:52,3
DA:62,3
DA:64,3
DA:78,4
DA:80,4
DA:81,4
DA:82,1
DA:85,2
DA:91,2
DA:93,2
DA:94,2
DA:96,2
DA:103,4
DA:104,4
DA:105,1
LF:26
LH:26
BRDA:27,0,0,1
BRDA:27,0,1,1
BRDA:27,1,0,2
BRDA:27,1,1,2
BRDA:81,2,0,1
BRDA:81,2,1,3
BRDA:104,3,0,1
BRDA:104,3,1,3
BRF:8
BRH:8
end_of_record
TN:
SF:src/services/governance/arbitration.ts
FN:6,resetStore
FN:10,writeLog
FN:37,readLog
FN:41,getLogsByDispute
FN:48,(anonymous_4)
FN:51,getLogsByArbiter
FN:58,(anonymous_6)
FN:61,deleteLog
FNF:8
FNH:8
FNDA:15,resetStore
FNDA:18,writeLog
FNDA:3,readLog
FNDA:2,getLogsByDispute
FNDA:1,(anonymous_4)
FNDA:2,getLogsByArbiter
FNDA:1,(anonymous_6)
FNDA:2,deleteLog
DA:4,1
DA:7,15
DA:11,18
DA:12,1
DA:14,17
DA:15,1
DA:17,16
DA:18,1
DA:20,15
DA:21,2
DA:24,13
DA:33,13
DA:34,13
DA:38,3
DA:42,2
DA:43,2
DA:44,4
DA:45,2
DA:48,2
DA:52,2
DA:53,2
DA:54,4
DA:55,2
DA:58,2
DA:62,2
LF:25
LH:25
BRDA:11,0,0,1
BRDA:11,0,1,17
BRDA:11,1,0,18
BRDA:11,1,1,17
BRDA:14,2,0,1
BRDA:14,2,1,16
BRDA:14,3,0,17
BRDA:14,3,1,16
BRDA:17,4,0,1
BRDA:17,4,1,15
BRDA:17,5,0,16
BRDA:17,5,1,15
BRDA:20,6,0,2
BRDA:20,6,1,13
BRDA:20,7,0,15
BRDA:20,7,1,14
BRDA:44,8,0,2
BRDA:44,8,1,2
BRDA:54,9,0,2
BRDA:54,9,1,2
BRF:20
BRH:20
end_of_record
TN:
SF:src/services/governance/arbitrationLogs.ts
FN:61,(anonymous_0)
FN:77,(anonymous_1)
FN:98,(anonymous_2)
FN:119,(anonymous_3)
FN:140,(anonymous_4)
FN:161,(anonymous_5)
FN:184,(anonymous_6)
FN:194,(anonymous_7)
FN:207,(anonymous_8)
FN:216,(anonymous_9)
FN:229,(anonymous_10)
FNF:11
FNH:11
FNDA:36,(anonymous_0)
FNDA:32,(anonymous_1)
FNDA:4,(anonymous_2)
FNDA:16,(anonymous_3)
FNDA:4,(anonymous_4)
FNDA:3,(anonymous_5)
FNDA:4,(anonymous_6)
FNDA:10,(anonymous_7)
FNDA:6,(anonymous_8)
FNDA:5,(anonymous_9)
FNDA:59,(anonymous_10)
DA:62,36
DA:82,32
DA:103,4
DA:124,16
DA:145,4
DA:166,3
DA:185,4
DA:197,10
DA:210,6
DA:217,5
DA:235,59
DA:245,59
LF:12
LH:12
BRDA:62,0,0,36
BRDA:62,0,1,17
BRDA:195,1,0,10
BRF:3
BRH:3
end_of_record
TN:
SF:src/services/governance/disputes.ts
FN:10,resetStore
FN:14,validateDisputeInput
FN:52,submitDispute
FN:75,getDispute
FN:79,isExpired
FN:83,resolveDispute
FN:101,dismissDispute
FN:115,markUnderReview
FNF:8
FNH:8
FNDA:35,resetStore
FNDA:31,validateDisputeInput
FNDA:19,submitDispute
FNDA:2,getDispute
FNDA:9,isExpired
FNDA:10,resolveDispute
FNDA:7,dismissDispute
FNDA:5,markUnderReview
DA:4,1
DA:6,1
DA:7,1
DA:8,1
DA:11,35
DA:15,31
DA:17,31
DA:18,3
DA:19,28
DA:20,1
DA:23,31
DA:24,2
DA:25,29
DA:26,1
DA:29,31
DA:30,1
DA:33,31
DA:34,2
DA:35,29
DA:36,1
DA:39,31
DA:40,2
DA:43,31
DA:44,2
DA:45,29
DA:46,1
DA:49,31
DA:53,19
DA:54,19
DA:55,1
DA:58,18
DA:59,18
DA:71,18
DA:72,18
DA:76,2
DA:80,9
DA:84,10
DA:85,10
DA:86,9
DA:87,8
DA:88,7
DA:89,1
DA:90,1
DA:92,6
DA:93,2
DA:96,4
DA:97,4
DA:98,4
DA:102,7
DA:103,7
DA:104,6
DA:105,5
DA:106,4
DA:107,1
DA:110,3
DA:111,3
DA:112,3
DA:116,5
DA:117,5
DA:118,4
DA:119,1
DA:122,3
DA:123,3
LF:63
LH:63
BRDA:17,0,0,3
BRDA:17,0,1,28
BRDA:17,1,0,31
BRDA:17,1,1,28
BRDA:19,2,0,1
BRDA:19,2,1,27
BRDA:23,3,0,2
BRDA:23,3,1,29
BRDA:23,4,0,31
BRDA:23,4,1,29
BRDA:25,5,0,1
BRDA:25,5,1,28
BRDA:29,6,0,1
BRDA:29,6,1,30
BRDA:29,7,0,31
BRDA:29,7,1,28
BRDA:29,7,2,27
BRDA:33,8,0,2
BRDA:33,8,1,29
BRDA:33,9,0,31
BRDA:33,9,1,29
BRDA:35,10,0,1
BRDA:35,10,1,28
BRDA:39,11,0,2
BRDA:39,11,1,29
BRDA:39,12,0,31
BRDA:39,12,1,31
BRDA:43,13,0,2
BRDA:43,13,1,29
BRDA:43,14,0,31
BRDA:43,14,1,31
BRDA:45,15,0,1
BRDA:45,15,1,28
BRDA:54,16,0,1
BRDA:54,16,1,18
BRDA:85,17,0,1
BRDA:85,17,1,9
BRDA:86,18,0,1
BRDA:86,18,1,8
BRDA:87,19,0,1
BRDA:87,19,1,7
BRDA:88,20,0,1
BRDA:88,20,1,6
BRDA:92,21,0,2
BRDA:92,21,1,4
BRDA:92,22,0,6
BRDA:92,22,1,5
BRDA:103,23,0,1
BRDA:103,23,1,6
BRDA:104,24,0,1
BRDA:104,24,1,5
BRDA:105,25,0,1
BRDA:105,25,1,4
BRDA:106,26,0,1
BRDA:106,26,1,3
BRDA:106,27,0,4
BRDA:106,27,1,3
BRDA:117,28,0,1
BRDA:117,28,1,4
BRDA:118,29,0,1
BRDA:118,29,1,3
BRF:61
BRH:61
end_of_record
TN:
SF:src/services/governance/multisig.ts
FN:10,resetStore
FN:14,createProposal
FN:59,getProposal
FN:63,addSignature
FN:88,removeSignature
FN:104,executeIfReady
FN:127,cancelProposal
FN:142,getStatus
FNF:8
FNH:8
FNDA:40,resetStore
FNDA:34,createProposal
FNDA:3,getProposal
FNDA:29,addSignature
FNDA:5,removeSignature
FNDA:13,executeIfReady
FNDA:10,cancelProposal
FNDA:8,getStatus
DA:4,1
DA:6,1
DA:7,1
DA:8,1
DA:11,40
DA:15,34
DA:16,1
DA:18,33
DA:19,1
DA:22,32
DA:23,32
DA:24,1
DA:27,31
DA:32,2
DA:35,29
DA:36,1
DA:39,28
DA:40,1
DA:43,27
DA:44,27
DA:55,27
DA:56,27
DA:60,3
DA:64,29
DA:65,29
DA:67,28
DA:68,2
DA:71,26
DA:72,1
DA:73,1
DA:76,25
DA:77,1
DA:80,24
DA:81,1
DA:84,23
DA:85,23
DA:89,5
DA:90,5
DA:92,4
DA:93,1
DA:96,3
DA:97,1
DA:100,2
DA:101,2
DA:105,13
DA:106,13
DA:108,12
DA:109,2
DA:112,10
DA:113,1
DA:114,1
DA:117,9
DA:118,3
DA:123,6
DA:124,6
DA:128,10
DA:129,10
DA:131,9
DA:132,1
DA:134,8
DA:135,1
DA:138,7
DA:139,7
DA:143,8
DA:144,8
DA:147,7
DA:148,1
DA:151,7
LF:68
LH:68
BRDA:15,0,0,1
BRDA:15,0,1,33
BRDA:15,1,0,34
BRDA:15,1,1,34
BRDA:18,2,0,1
BRDA:18,2,1,32
BRDA:23,3,0,1
BRDA:23,3,1,31
BRDA:27,4,0,2
BRDA:27,4,1,29
BRDA:28,5,0,31
BRDA:28,5,1,31
BRDA:28,5,2,30
BRDA:35,6,0,1
BRDA:35,6,1,28
BRDA:35,7,0,29
BRDA:35,7,1,28
BRDA:39,8,0,1
BRDA:39,8,1,27
BRDA:39,9,0,28
BRDA:39,9,1,28
BRDA:65,10,0,1
BRDA:65,10,1,28
BRDA:67,11,0,2
BRDA:67,11,1,26
BRDA:71,12,0,1
BRDA:71,12,1,25
BRDA:76,13,0,1
BRDA:76,13,1,24
BRDA:80,14,0,1
BRDA:80,14,1,23
BRDA:90,15,0,1
BRDA:90,15,1,4
BRDA:92,16,0,1
BRDA:92,16,1,3
BRDA:96,17,0,1
BRDA:96,17,1,2
BRDA:106,18,0,1
BRDA:106,18,1,12
BRDA:108,19,0,2
BRDA:108,19,1,10
BRDA:112,20,0,1
BRDA:112,20,1,9
BRDA:117,21,0,3
BRDA:117,21,1,6
BRDA:129,22,0,1
BRDA:129,22,1,9
BRDA:131,23,0,1
BRDA:131,23,1,8
BRDA:134,24,0,1
BRDA:134,24,1,7
BRDA:144,25,0,1
BRDA:144,25,1,7
BRDA:147,26,0,1
BRDA:147,26,1,6
BRDA:147,27,0,7
BRDA:147,27,1,3
BRF:57
BRH:57
end_of_record
TN:
SF:src/services/governance/slashingVotes.ts
FN:57,computeStatus
FN:58,(anonymous_1)
FN:59,(anonymous_2)
FN:79,createSlashRequest
FN:115,submitVote
FN:127,(anonymous_5)
FN:135,(anonymous_6)
FN:136,(anonymous_7)
FN:154,getSlashRequest
FN:164,listSlashRequests
FN:166,(anonymous_10)
FN:170,_resetStore
FNF:12
FNH:12
FNDA:16,computeStatus
FNDA:24,(anonymous_1)
FNDA:24,(anonymous_2)
FNDA:18,createSlashRequest
FNDA:20,submitVote
FNDA:9,(anonymous_5)
FNDA:24,(anonymous_6)
FNDA:24,(anonymous_7)
FNDA:3,getSlashRequest
FNDA:4,listSlashRequests
FNDA:6,(anonymous_10)
FNDA:18,_resetStore
DA:47,4
DA:49,4
DA:50,4
DA:58,24
DA:59,24
DA:61,16
DA:64,12
DA:65,12
DA:68,10
DA:70,10
DA:80,18
DA:82,18
DA:83,18
DA:85,18
DA:86,17
DA:87,1
DA:90,16
DA:102,16
DA:103,16
DA:120,20
DA:121,20
DA:123,19
DA:124,2
DA:127,17
DA:128,17
DA:129,1
DA:132,16
DA:133,16
DA:135,24
DA:136,24
DA:138,16
DA:155,3
DA:165,4
DA:166,6
DA:171,18
LF:35
LH:35
BRDA:61,0,0,4
BRDA:61,0,1,12
BRDA:65,1,0,2
BRDA:65,1,1,10
BRDA:68,2,0,0
BRDA:68,2,1,10
BRDA:82,3,0,18
BRDA:82,3,1,11
BRDA:83,4,0,18
BRDA:83,4,1,12
BRDA:85,5,0,1
BRDA:85,5,1,17
BRDA:86,6,0,1
BRDA:86,6,1,16
BRDA:121,7,0,1
BRDA:121,7,1,19
BRDA:123,8,0,2
BRDA:123,8,1,17
BRDA:128,9,0,1
BRDA:128,9,1,16
BRDA:155,10,0,3
BRDA:155,10,1,1
BRDA:166,11,0,3
BRDA:166,11,1,1
BRF:24
BRH:23
end_of_record
TN:
SF:src/services/governance/votes.ts
FN:7,resetStore
FN:11,castVote
FN:26,(anonymous_2)
FN:44,getVotes
FN:48,countVotes
FN:64,hasReachedThreshold
FN:79,getVoteSummary
FNF:7
FNH:7
FNDA:24,resetStore
FNDA:33,castVote
FNDA:15,(anonymous_2)
FNDA:2,getVotes
FNDA:19,countVotes
FNDA:14,hasReachedThreshold
FNDA:4,getVoteSummary
DA:3,1
DA:5,1
DA:8,24
DA:12,33
DA:13,1
DA:15,32
DA:16,1
DA:18,31
DA:19,2
DA:21,29
DA:22,1
DA:25,28
DA:26,33
DA:27,33
DA:28,1
DA:31,27
DA:39,27
DA:40,27
DA:41,27
DA:45,2
DA:49,19
DA:50,19
DA:51,19
DA:53,19
DA:54,32
DA:55,18
DA:57,14
DA:61,19
DA:68,14
DA:69,3
DA:72,11
DA:73,11
DA:74,11
DA:76,9
DA:83,4
DA:84,4
DA:86,4
LF:37
LH:37
BRDA:12,0,0,1
BRDA:12,0,1,32
BRDA:12,1,0,33
BRDA:12,1,1,32
BRDA:15,2,0,1
BRDA:15,2,1,31
BRDA:15,3,0,32
BRDA:15,3,1,31
BRDA:18,4,0,2
BRDA:18,4,1,29
BRDA:18,5,0,31
BRDA:18,5,1,31
BRDA:21,6,0,1
BRDA:21,6,1,28
BRDA:25,7,0,28
BRDA:25,7,1,15
BRDA:27,8,0,1
BRDA:27,8,1,32
BRDA:45,9,0,2
BRDA:45,9,1,1
BRDA:49,10,0,19
BRDA:49,10,1,4
BRDA:54,11,0,18
BRDA:54,11,1,14
BRDA:66,12,0,14
BRDA:68,13,0,3
BRDA:68,13,1,11
BRDA:68,14,0,14
BRDA:68,14,1,12
BRDA:74,15,0,2
BRDA:74,15,1,9
BRDA:81,16,0,4
BRDA:83,17,0,4
BRDA:83,17,1,1
BRF:34
BRH:34
end_of_record
TN:
SF:src/services/health/checks.ts
FN:13,runHealthChecks
FNF:1
FNH:1
FNDA:17,runHealthChecks
DA:3,5
DA:26,17
DA:36,17
DA:37,17
DA:40,17
DA:43,17
DA:47,17
DA:48,8
DA:49,9
DA:50,2
DA:52,7
DA:55,17
LF:12
LH:12
BRDA:27,0,0,13
BRDA:27,0,1,4
BRDA:28,1,0,13
BRDA:28,1,1,4
BRDA:29,2,0,3
BRDA:29,2,1,14
BRDA:37,3,0,3
BRDA:37,3,1,14
BRDA:40,4,0,17
BRDA:40,4,1,11
BRDA:43,5,0,17
BRDA:43,5,1,4
BRDA:47,6,0,8
BRDA:47,6,1,9
BRDA:47,7,0,17
BRDA:47,7,1,8
BRDA:49,8,0,2
BRDA:49,8,1,7
BRF:18
BRH:18
end_of_record
TN:
SF:src/services/health/probes.ts
FN:6,withTimeout
FN:9,(anonymous_1)
FN:10,(anonymous_2)
FN:27,createDbProbe
FN:35,(anonymous_4)
FN:65,createRedisProbe
FN:76,(anonymous_6)
FN:100,createExternalProbe
FN:103,(anonymous_8)
FN:117,createDefaultProbes
FNF:10
FNH:9
FNDA:9,withTimeout
FNDA:9,(anonymous_1)
FNDA:0,(anonymous_2)
FNDA:6,createDbProbe
FNDA:3,(anonymous_4)
FNDA:6,createRedisProbe
FNDA:3,(anonymous_6)
FNDA:3,createExternalProbe
FNDA:3,(anonymous_8)
FNDA:6,createDefaultProbes
DA:4,4
DA:7,9
DA:10,9
DA:30,6
DA:31,6
DA:33,5
DA:35,5
DA:36,3
DA:37,3
DA:38,2
DA:39,1
DA:41,1
DA:42,1
DA:43,1
DA:45,1
DA:46,1
DA:48,1
DA:68,6
DA:69,6
DA:74,5
DA:76,5
DA:77,3
DA:78,3
DA:79,2
DA:80,1
DA:82,1
DA:83,1
DA:85,1
DA:86,1
DA:88,1
DA:89,1
DA:91,1
DA:103,3
DA:104,3
DA:105,3
DA:106,2
DA:108,1
DA:123,6
DA:124,6
DA:125,6
DA:126,6
LF:41
LH:41
BRDA:28,0,0,6
BRDA:31,1,0,1
BRDA:31,1,1,5
BRDA:31,2,0,6
BRDA:31,2,1,3
BRDA:37,3,0,2
BRDA:37,3,1,1
BRDA:41,4,0,1
BRDA:41,4,1,0
BRDA:66,5,0,6
BRDA:69,6,0,1
BRDA:69,6,1,5
BRDA:69,7,0,6
BRDA:69,7,1,3
BRDA:78,8,0,2
BRDA:78,8,1,1
BRDA:82,9,0,1
BRDA:82,9,1,0
BRDA:106,10,0,1
BRDA:106,10,1,1
BRDA:124,11,0,1
BRDA:124,11,1,5
BRDA:125,12,0,1
BRDA:125,12,1,5
BRF:24
BRH:22
end_of_record
TN:
SF:src/services/reputation/attestationScore.ts
FN:15,calculateAttestationScore
FN:21,(anonymous_1)
FN:28,(anonymous_2)
FN:41,getMaxAttestationWeight
FN:48,getAttestationMultiplier
FNF:5
FNH:5
FNDA:46,calculateAttestationScore
FNDA:1061,(anonymous_1)
FNDA:1055,(anonymous_2)
FNDA:1,getMaxAttestationWeight
FNDA:1,getAttestationMultiplier
DA:7,2
DA:8,2
DA:16,46
DA:17,7
DA:21,1061
DA:23,39
DA:24,1
DA:28,38
DA:29,1055
DA:33,38
DA:35,38
DA:42,1
DA:49,1
LF:13
LH:13
BRDA:16,0,0,7
BRDA:16,0,1,39
BRDA:16,1,0,46
BRDA:16,1,1,44
BRDA:23,2,0,1
BRDA:23,2,1,38
BRF:6
BRH:6
end_of_record
TN:
SF:src/services/reputation/bondScore.ts
FN:15,calculateBondScore
FN:35,getBondMultiplier
FN:42,getMaxBondScore
FNF:3
FNH:3
FNDA:40,calculateBondScore
FNDA:1,getBondMultiplier
FNDA:1,getMaxBondScore
DA:7,2
DA:8,2
DA:17,40
DA:18,5
DA:22,35
DA:23,8
DA:27,27
DA:29,27
DA:36,1
DA:43,1
LF:10
LH:10
BRDA:17,0,0,5
BRDA:17,0,1,35
BRDA:22,1,0,8
BRDA:22,1,1,27
BRF:4
BRH:4
end_of_record
TN:
SF:src/services/reputation/score.ts
FN:18,calculateReputationScore
FN:44,calculateReputationScoreWithCustomDuration
FNF:2
FNH:2
FNDA:17,calculateReputationScore
FNDA:3,calculateReputationScoreWithCustomDuration
DA:20,17
DA:21,17
DA:22,17
DA:28,17
DA:30,17
DA:48,3
DA:49,3
DA:50,3
DA:56,3
DA:58,3
LF:10
LH:10
BRF:0
BRH:0
end_of_record
TN:
SF:src/services/reputation/timeWeight.ts
FN:16,calculateTimeWeight
FN:50,getDecayRate
FN:57,getMaxDuration
FNF:3
FNH:3
FNDA:43,calculateTimeWeight
FNDA:1,getDecayRate
FNDA:1,getMaxDuration
DA:6,2
DA:7,2
DA:21,43
DA:22,6
DA:25,37
DA:26,2
DA:29,35
DA:31,35
DA:32,2
DA:35,33
DA:36,22
DA:41,11
DA:42,11
DA:44,11
DA:51,1
DA:58,1
LF:16
LH:16
BRDA:19,0,0,43
BRDA:21,1,0,6
BRDA:21,1,1,37
BRDA:21,2,0,43
BRDA:21,2,1,39
BRDA:25,3,0,2
BRDA:25,3,1,35
BRDA:31,4,0,2
BRDA:31,4,1,33
BRDA:35,5,0,22
BRDA:35,5,1,11
BRF:11
BRH:11
end_of_record
TN:
SF:src/types/governance.ts
FN:20,(anonymous_0)
FN:36,(anonymous_1)
FN:50,(anonymous_2)
FNF:3
FNH:3
FNDA:6,(anonymous_0)
FNDA:6,(anonymous_1)
FNDA:6,(anonymous_2)
DA:20,6
DA:22,6
DA:24,6
DA:26,6
DA:28,6
DA:30,6
DA:36,6
DA:38,6
DA:40,6
DA:42,6
DA:44,6
DA:50,6
DA:51,6
DA:52,6
DA:53,6
LF:15
LH:15
BRDA:20,0,0,6
BRDA:20,0,1,6
BRDA:36,1,0,6
BRDA:36,1,1,6
BRDA:50,2,0,6
BRDA:50,2,1,6
BRF:6
BRH:6
end_of_record
TN:
SF:src/types/rbac.ts
FNF:0
FNH:0
DA:17,1
DA:25,1
LF:2
LH:2
BRF:0
BRH:0
end_of_record
